#
# There is insufficient memory for the Java Runtime Environment to continue.
# Native memory allocation (mmap) failed to map 832569344 bytes for G1 virtual space
# Possible reasons:
#   The system is out of physical RAM or swap space
#   The process is running with CompressedOops enabled, and the Java Heap may be blocking the growth of the native heap
# Possible solutions:
#   Reduce memory load on the system
#   Increase physical memory or swap space
#   Check if swap backing store is full
#   Decrease Java heap size (-Xmx/-Xms)
#   Decrease number of Java threads
#   Decrease Java thread stack sizes (-Xss)
#   Set larger code cache with -XX:ReservedCodeCacheSize=
#   JVM is running with Zero Based Compressed Oops mode in which the Java heap is
#     placed in the first 32GB address space. The Java Heap base address is the
#     maximum limit for the native heap growth. Please use -XX:HeapBaseMinAddress
#     to set the Java Heap base and to place the Java Heap above 32GB virtual address.
# This output file may be truncated or incomplete.
#
#  Out of Memory Error (os_windows.cpp:3548), pid=43416, tid=79732
#
# JRE version: OpenJDK Runtime Environment Temurin-17.0.5+8 (17.0.5+8) (build 17.0.5+8)
# Java VM: OpenJDK 64-Bit Server VM Temurin-17.0.5+8 (17.0.5+8, mixed mode, emulated-client, tiered, compressed oops, compressed class ptrs, g1 gc, windows-amd64)
# No core dump will be written. Minidumps are not enabled by default on client versions of Windows
#

---------------  S U M M A R Y ------------

Command Line: -Dsts.lsp.client=vscode -Dsts.log.file=/dev/null -XX:TieredStopAtLevel=1 -Xlog:jni+resolve=off -Dspring.config.location=file:c:\Users\Christopher\.vscode\extensions\pivotal.vscode-spring-boot-1.42.0\language-server\BOOT-INF\classes\application.properties org.springframework.ide.vscode.boot.app.BootLanguageServerBootApp

Host: Intel(R) Core(TM) i5-1035G1 CPU @ 1.00GHz, 8 cores, 11G,  Windows 11 , 64 bit Build 22000 (10.0.22000.1335)
Time: Tue Dec 20 12:14:41 2022 Hora oficial do Brasil elapsed time: 31894.994836 seconds (0d 8h 51m 34s)

---------------  T H R E A D  ---------------

Current thread (0x0000029cc8a704d0):  VMThread "VM Thread" [stack: 0x000000fd7f300000,0x000000fd7f400000] [id=79732]

Stack: [0x000000fd7f300000,0x000000fd7f400000]
Native frames: (J=compiled Java code, j=interpreted, Vv=VM code, C=native code)
V  [jvm.dll+0x676b3a]
V  [jvm.dll+0x831444]
V  [jvm.dll+0x832bee]
V  [jvm.dll+0x833253]
V  [jvm.dll+0x244ce5]
V  [jvm.dll+0x673a49]
V  [jvm.dll+0x66811a]
V  [jvm.dll+0x303ceb]
V  [jvm.dll+0x30b1e6]
V  [jvm.dll+0x35adbe]
V  [jvm.dll+0x35afef]
V  [jvm.dll+0x2dab88]
V  [jvm.dll+0x2d8e3c]
V  [jvm.dll+0x2d840c]
V  [jvm.dll+0x31c31b]
V  [jvm.dll+0x8376fb]
V  [jvm.dll+0x838434]
V  [jvm.dll+0x83894c]
V  [jvm.dll+0x838d24]
V  [jvm.dll+0x838df0]
V  [jvm.dll+0x7e17ea]
V  [jvm.dll+0x6759e5]
C  [ucrtbase.dll+0x26c0c]
C  [KERNEL32.DLL+0x155a0]
C  [ntdll.dll+0x485b]

VM_Operation (0x000000fd039e9fd0): G1CollectForAllocation, mode: safepoint, requested by thread 0x0000029cd814bfe0


---------------  P R O C E S S  ---------------

Threads class SMR info:
_java_thread_list=0x0000029cd80d8110, length=58, elements={
0x0000029cc8a73e80, 0x0000029cc8a75950, 0x0000029cc8a790b0, 0x0000029cc8a79970,
0x0000029cc8a7a230, 0x0000029cc8a7aaf0, 0x0000029cc8a7b3b0, 0x0000029cc8a7dcc0,
0x0000029cc965bb20, 0x0000029cc9667eb0, 0x0000029cca870380, 0x0000029ccaa1c850,
0x0000029ccaa1d130, 0x0000029cb921aaf0, 0x0000029cca8ac7c0, 0x0000029cc9abbb40,
0x0000029ccab47890, 0x0000029ccab47d60, 0x0000029ccab462a0, 0x0000029ccab4e820,
0x0000029ccab5bc90, 0x0000029ccab59ae0, 0x0000029ccada2d80, 0x0000029ccada3bf0,
0x0000029ccada0700, 0x0000029ccad9f3c0, 0x0000029ccad9fd60, 0x0000029ccada3250,
0x0000029ccada40c0, 0x0000029ccada0230, 0x0000029ccdd5dec0, 0x0000029cd814d320,
0x0000029ccdd5e860, 0x0000029cd7e6a420, 0x0000029ccde83a30, 0x0000029cd7a8a1d0,
0x0000029ccada0bd0, 0x0000029cd814d7f0, 0x0000029ccde80ee0, 0x0000029cd83ebbb0,
0x0000029ccd1bb9b0, 0x0000029ccdd60070, 0x0000029cd7e695b0, 0x0000029cd7e69a80,
0x0000029ccd1bb4e0, 0x0000029ccad9e080, 0x0000029cd7a8b9e0, 0x0000029ccad9d6e0,
0x0000029cd814c4b0, 0x0000029ccad9dbb0, 0x0000029ccad9eef0, 0x0000029ccad9f890,
0x0000029ccad9e550, 0x0000029ccd1bbe80, 0x0000029cd83ee700, 0x0000029cd814bfe0,
0x0000029ccd1b9800, 0x0000029ccdd5ed30
}

Java Threads: ( => current thread )
  0x0000029cc8a73e80 JavaThread "Reference Handler" daemon [_thread_blocked, id=87792, stack(0x000000fd7f400000,0x000000fd7f500000)]
  0x0000029cc8a75950 JavaThread "Finalizer" daemon [_thread_blocked, id=86716, stack(0x000000fd7f500000,0x000000fd7f600000)]
  0x0000029cc8a790b0 JavaThread "Signal Dispatcher" daemon [_thread_blocked, id=87636, stack(0x000000fd7f600000,0x000000fd7f700000)]
  0x0000029cc8a79970 JavaThread "Attach Listener" daemon [_thread_blocked, id=41704, stack(0x000000fd7f700000,0x000000fd7f800000)]
  0x0000029cc8a7a230 JavaThread "Service Thread" daemon [_thread_blocked, id=88536, stack(0x000000fd7f800000,0x000000fd7f900000)]
  0x0000029cc8a7aaf0 JavaThread "Monitor Deflation Thread" daemon [_thread_blocked, id=87896, stack(0x000000fd7f900000,0x000000fd7fa00000)]
  0x0000029cc8a7b3b0 JavaThread "C1 CompilerThread0" daemon [_thread_blocked, id=75440, stack(0x000000fd7fa00000,0x000000fd7fb00000)]
  0x0000029cc8a7dcc0 JavaThread "Sweeper thread" daemon [_thread_blocked, id=87464, stack(0x000000fd7fb00000,0x000000fd7fc00000)]
  0x0000029cc965bb20 JavaThread "Notification Thread" daemon [_thread_blocked, id=87532, stack(0x000000fd7fd00000,0x000000fd7fe00000)]
  0x0000029cc9667eb0 JavaThread "Common-Cleaner" daemon [_thread_blocked, id=84968, stack(0x000000fd7ff00000,0x000000fd80000000)]
  0x0000029cca870380 JavaThread "boundedElastic-evictor-1" daemon [_thread_blocked, id=83856, stack(0x000000fd00900000,0x000000fd00a00000)]
  0x0000029ccaa1c850 JavaThread "pool-11-thread-1" [_thread_blocked, id=42524, stack(0x000000fd00000000,0x000000fd00100000)]
  0x0000029ccaa1d130 JavaThread "LanguageServerApp-lifecycle" [_thread_blocked, id=82456, stack(0x000000fd00100000,0x000000fd00200000)]
  0x0000029cb921aaf0 JavaThread "DestroyJavaVM" [_thread_blocked, id=79812, stack(0x000000fd7ed00000,0x000000fd7ee00000)]
  0x0000029cca8ac7c0 JavaThread "pool-12-thread-1" [_thread_in_native, id=42064, stack(0x000000fd00b00000,0x000000fd00c00000)]
  0x0000029cc9abbb40 JavaThread "Simple-Language-Server main thread" daemon [_thread_blocked, id=88328, stack(0x000000fd00c00000,0x000000fd00d00000)]
  0x0000029ccab47890 JavaThread "pool-8-thread-1" [_thread_blocked, id=88512, stack(0x000000fd00d00000,0x000000fd00e00000)]
  0x0000029ccab47d60 JavaThread "parallel-1" daemon [_thread_blocked, id=86808, stack(0x000000fd00e00000,0x000000fd00f00000)]
  0x0000029ccab462a0 JavaThread "parallel-2" daemon [_thread_blocked, id=42256, stack(0x000000fd00f00000,0x000000fd01000000)]
  0x0000029ccab4e820 JavaThread "parallel-3" daemon [_thread_blocked, id=31112, stack(0x000000fd01000000,0x000000fd01100000)]
  0x0000029ccab5bc90 JavaThread "Reconciler-1" daemon [_thread_blocked, id=86444, stack(0x000000fd01300000,0x000000fd01400000)]
  0x0000029ccab59ae0 JavaThread "parallel-4" daemon [_thread_blocked, id=82596, stack(0x000000fd01400000,0x000000fd01500000)]
  0x0000029ccada2d80 JavaThread "pool-6-thread-1" [_thread_blocked, id=82772, stack(0x000000fd02600000,0x000000fd02700000)]
  0x0000029ccada3bf0 JavaThread "pool-10-thread-1" [_thread_blocked, id=88316, stack(0x000000fd02700000,0x000000fd02800000)]
  0x0000029ccada0700 JavaThread "parallel-5" daemon [_thread_blocked, id=88208, stack(0x000000fd02800000,0x000000fd02900000)]
  0x0000029ccad9f3c0 JavaThread "pool-10-thread-2" [_thread_blocked, id=79592, stack(0x000000fd01500000,0x000000fd01600000)]
  0x0000029ccad9fd60 JavaThread "parallel-6" daemon [_thread_blocked, id=86840, stack(0x000000fd01600000,0x000000fd01700000)]
  0x0000029ccada3250 JavaThread "parallel-7" daemon [_thread_blocked, id=85880, stack(0x000000fd01700000,0x000000fd01800000)]
  0x0000029ccada40c0 JavaThread "parallel-8" daemon [_thread_blocked, id=84988, stack(0x000000fd01800000,0x000000fd01900000)]
  0x0000029ccada0230 JavaThread "pool-10-thread-3" [_thread_blocked, id=30564, stack(0x000000fd01900000,0x000000fd01a00000)]
  0x0000029ccdd5dec0 JavaThread "ForkJoinPool-1-worker-57" daemon [_thread_blocked, id=109848, stack(0x000000fd03200000,0x000000fd03300000)]
  0x0000029cd814d320 JavaThread "ForkJoinPool.commonPool-worker-62" daemon [_thread_blocked, id=114116, stack(0x000000fd01d00000,0x000000fd01e00000)]
  0x0000029ccdd5e860 JavaThread "ForkJoinPool.commonPool-worker-63" daemon [_thread_blocked, id=116460, stack(0x000000fd01e00000,0x000000fd01f00000)]
  0x0000029cd7e6a420 JavaThread "ForkJoinPool.commonPool-worker-64" daemon [_thread_blocked, id=103336, stack(0x000000fd02200000,0x000000fd02300000)]
  0x0000029ccde83a30 JavaThread "ForkJoinPool-1-worker-65" daemon [_thread_blocked, id=111084, stack(0x000000fd03300000,0x000000fd03400000)]
  0x0000029cd7a8a1d0 JavaThread "ForkJoinPool-1-worker-68" daemon [_thread_blocked, id=113748, stack(0x000000fd03600000,0x000000fd03700000)]
  0x0000029ccada0bd0 JavaThread "ForkJoinPool-1-worker-69" daemon [_thread_blocked, id=117200, stack(0x000000fd03800000,0x000000fd03900000)]
  0x0000029cd814d7f0 JavaThread "ForkJoinPool-1-worker-71" daemon [_thread_blocked, id=116024, stack(0x000000fd02f00000,0x000000fd03000000)]
  0x0000029ccde80ee0 JavaThread "ForkJoinPool.commonPool-worker-67" daemon [_thread_blocked, id=117808, stack(0x000000fd01c00000,0x000000fd01d00000)]
  0x0000029cd83ebbb0 JavaThread "ForkJoinPool-1-worker-72" daemon [_thread_blocked, id=110328, stack(0x000000fd03a00000,0x000000fd03b00000)]
  0x0000029ccd1bb9b0 JavaThread "ForkJoinPool.commonPool-worker-70" daemon [_thread_blocked, id=102576, stack(0x000000fd02000000,0x000000fd02100000)]
  0x0000029ccdd60070 JavaThread "ForkJoinPool.commonPool-worker-71" daemon [_thread_blocked, id=116320, stack(0x000000fd02100000,0x000000fd02200000)]
  0x0000029cd7e695b0 JavaThread "ForkJoinPool-1-worker-75" daemon [_thread_blocked, id=115272, stack(0x000000fd02e00000,0x000000fd02f00000)]
  0x0000029cd7e69a80 JavaThread "ForkJoinPool-1-worker-76" daemon [_thread_blocked, id=116688, stack(0x000000fd03000000,0x000000fd03100000)]
  0x0000029ccd1bb4e0 JavaThread "ForkJoinPool.commonPool-worker-72" daemon [_thread_blocked, id=112920, stack(0x000000fd01b00000,0x000000fd01c00000)]
  0x0000029ccad9e080 JavaThread "ForkJoinPool-1-worker-77" daemon [_thread_blocked, id=98716, stack(0x000000fd03400000,0x000000fd03500000)]
  0x0000029cd7a8b9e0 JavaThread "ForkJoinPool.commonPool-worker-73" daemon [_thread_blocked, id=114380, stack(0x000000fd02300000,0x000000fd02400000)]
  0x0000029ccad9d6e0 JavaThread "pool-5-thread-84" [_thread_blocked, id=112480, stack(0x000000fd02900000,0x000000fd02a00000)]
  0x0000029cd814c4b0 JavaThread "pool-5-thread-85" [_thread_blocked, id=117240, stack(0x000000fd01100000,0x000000fd01200000)]
  0x0000029ccad9dbb0 JavaThread "pool-2-thread-25" [_thread_blocked, id=118804, stack(0x000000fd01f00000,0x000000fd02000000)]
  0x0000029ccad9eef0 JavaThread "pool-2-thread-26" [_thread_blocked, id=119248, stack(0x000000fd01200000,0x000000fd01300000)]
  0x0000029ccad9f890 JavaThread "pool-2-thread-27" [_thread_blocked, id=119652, stack(0x000000fd01a00000,0x000000fd01b00000)]
  0x0000029ccad9e550 JavaThread "Project-Reconciler-44" daemon [_thread_blocked, id=115376, stack(0x000000fd03100000,0x000000fd03200000)]
  0x0000029ccd1bbe80 JavaThread "Project-Reconciler-45" daemon [_thread_blocked, id=119500, stack(0x000000fd03500000,0x000000fd03600000)]
  0x0000029cd83ee700 JavaThread "Project-Reconciler-46" daemon [_thread_blocked, id=119428, stack(0x000000fd03700000,0x000000fd03800000)]
  0x0000029cd814bfe0 JavaThread "Project-Reconciler-47" daemon [_thread_blocked, id=116148, stack(0x000000fd03900000,0x000000fd03a00000)]
  0x0000029ccd1b9800 JavaThread "Project-Reconciler-48" daemon [_thread_blocked, id=117804, stack(0x000000fd03b00000,0x000000fd03c00000)]
  0x0000029ccdd5ed30 JavaThread "ForkJoinPool-1-worker-78" daemon [_thread_blocked, id=117940, stack(0x000000fd03c00000,0x000000fd03d00000)]

Other Threads:
=>0x0000029cc8a704d0 VMThread "VM Thread" [stack: 0x000000fd7f300000,0x000000fd7f400000] [id=79732]
  0x0000029cc965d000 WatcherThread [stack: 0x000000fd7fe00000,0x000000fd7ff00000] [id=84828]
  0x0000029cb9270040 GCTaskThread "GC Thread#0" [stack: 0x000000fd7ee00000,0x000000fd7ef00000] [id=87748]
  0x0000029cc9f9e6c0 GCTaskThread "GC Thread#1" [stack: 0x000000fd00200000,0x000000fd00300000] [id=20080]
  0x0000029cc9f9e970 GCTaskThread "GC Thread#2" [stack: 0x000000fd00300000,0x000000fd00400000] [id=84660]
  0x0000029cc9f9ec20 GCTaskThread "GC Thread#3" [stack: 0x000000fd00400000,0x000000fd00500000] [id=14880]
  0x0000029cca1e7c70 GCTaskThread "GC Thread#4" [stack: 0x000000fd00500000,0x000000fd00600000] [id=11460]
  0x0000029cca216a50 GCTaskThread "GC Thread#5" [stack: 0x000000fd00600000,0x000000fd00700000] [id=88168]
  0x0000029cca216d00 GCTaskThread "GC Thread#6" [stack: 0x000000fd00700000,0x000000fd00800000] [id=87952]
  0x0000029cca3e6040 GCTaskThread "GC Thread#7" [stack: 0x000000fd00800000,0x000000fd00900000] [id=78948]
  0x0000029cb927ddc0 ConcurrentGCThread "G1 Main Marker" [stack: 0x000000fd7ef00000,0x000000fd7f000000] [id=66664]
  0x0000029cb927f680 ConcurrentGCThread "G1 Conc#0" [stack: 0x000000fd7f000000,0x000000fd7f100000] [id=77072]
  0x0000029cca5e0230 ConcurrentGCThread "G1 Conc#1" [stack: 0x000000fd00a00000,0x000000fd00b00000] [id=88528]
  0x0000029cb92d3630 ConcurrentGCThread "G1 Refine#0" [stack: 0x000000fd7f100000,0x000000fd7f200000] [id=86772]
  0x0000029ccad8a450 ConcurrentGCThread "G1 Refine#1" [stack: 0x000000fd02400000,0x000000fd02500000] [id=85224]
  0x0000029ccad8c9b0 ConcurrentGCThread "G1 Refine#2" [stack: 0x000000fd02500000,0x000000fd02600000] [id=14836]
  0x0000029ccad8afd0 ConcurrentGCThread "G1 Refine#3" [stack: 0x000000fd02a00000,0x000000fd02b00000] [id=88452]
  0x0000029ccad8cf70 ConcurrentGCThread "G1 Refine#4" [stack: 0x000000fd02b00000,0x000000fd02c00000] [id=42448]
  0x0000029ccad8b590 ConcurrentGCThread "G1 Refine#5" [stack: 0x000000fd02c00000,0x000000fd02d00000] [id=77816]
  0x0000029ccad89e90 ConcurrentGCThread "G1 Refine#6" [stack: 0x000000fd02d00000,0x000000fd02e00000] [id=88640]
  0x0000029cb92d3ef0 ConcurrentGCThread "G1 Service" [stack: 0x000000fd7f200000,0x000000fd7f300000] [id=88852]

Threads with active compile tasks:

VM state: at safepoint (normal execution)

VM Mutex/Monitor currently owned by a thread:  ([mutex/lock_event])
[0x0000029cb70024c0] Threads_lock - owner thread: 0x0000029cc8a704d0
[0x0000029cb9209200] Heap_lock - owner thread: 0x0000029cd814bfe0

Heap address: 0x0000000743200000, size: 3022 MB, Compressed Oops mode: Zero based, Oop shift amount: 3

CDS archive(s) not mapped
Compressed class space mapped at: 0x0000000800000000-0x0000000840000000, reserved size: 1073741824
Narrow klass base: 0x0000000800000000, Narrow klass shift: 0, Narrow klass range: 0x40000000

GC Precious Log:
 CPUs: 8 total, 8 available
 Memory: 12083M
 Large Page Support: Disabled
 NUMA Support: Disabled
 Compressed Oops: Enabled (Zero based)
 Heap Region Size: 2M
 Heap Min Capacity: 8M
 Heap Initial Capacity: 190M
 Heap Max Capacity: 3022M
 Pre-touch: Disabled
 Parallel Workers: 8
 Concurrent Workers: 2
 Concurrent Refinement Workers: 8
 Periodic GC: Disabled

Heap:
 garbage-first heap   total 655360K, used 338692K [0x0000000743200000, 0x0000000800000000)
  region size 2048K, 2 young (4096K), 2 survivors (4096K)
 Metaspace       used 70992K, committed 71488K, reserved 1114112K
  class space    used 9588K, committed 9856K, reserved 1048576K

Heap Regions: E=young(eden), S=young(survivor), O=old, HS=humongous(starts), HC=humongous(continues), CS=collection set, F=free, OA=open archive, CA=closed archive, TAMS=top-at-mark-start (previous, next)
|   0|0x0000000743200000, 0x0000000743400000, 0x0000000743400000|100%| O|  |TAMS 0x0000000743400000, 0x0000000743200000| Untracked 
|   1|0x0000000743400000, 0x0000000743600000, 0x0000000743600000|100%| O|  |TAMS 0x0000000743600000, 0x0000000743400000| Untracked 
|   2|0x0000000743600000, 0x00000007437fffe0, 0x0000000743800000| 99%| O|  |TAMS 0x00000007437fffe0, 0x0000000743600000| Untracked 
|   3|0x0000000743800000, 0x00000007439ffff0, 0x0000000743a00000| 99%| O|  |TAMS 0x00000007439ffff0, 0x0000000743800000| Untracked 
|   4|0x0000000743a00000, 0x0000000743bffed0, 0x0000000743c00000| 99%| O|  |TAMS 0x0000000743bffed0, 0x0000000743a00000| Untracked 
|   5|0x0000000743c00000, 0x0000000743dffa18, 0x0000000743e00000| 99%| O|  |TAMS 0x0000000743dffa18, 0x0000000743c00000| Untracked 
|   6|0x0000000743e00000, 0x0000000743fffff8, 0x0000000744000000| 99%| O|  |TAMS 0x0000000743fffff8, 0x0000000743e00000| Untracked 
|   7|0x0000000744000000, 0x00000007441ffee0, 0x0000000744200000| 99%| O|  |TAMS 0x00000007441ffee0, 0x0000000744000000| Untracked 
|   8|0x0000000744200000, 0x00000007443ffc10, 0x0000000744400000| 99%| O|  |TAMS 0x00000007443ffc10, 0x0000000744200000| Untracked 
|   9|0x0000000744400000, 0x00000007445fffe0, 0x0000000744600000| 99%| O|  |TAMS 0x00000007445fffe0, 0x0000000744400000| Untracked 
|  10|0x0000000744600000, 0x00000007447ffff0, 0x0000000744800000| 99%| O|  |TAMS 0x00000007447ffff0, 0x0000000744600000| Untracked 
|  11|0x0000000744800000, 0x00000007449fffc8, 0x0000000744a00000| 99%| O|  |TAMS 0x00000007449fffc8, 0x0000000744800000| Untracked 
|  12|0x0000000744a00000, 0x0000000744bffff0, 0x0000000744c00000| 99%| O|  |TAMS 0x0000000744bffff0, 0x0000000744a00000| Untracked 
|  13|0x0000000744c00000, 0x0000000744dfffc8, 0x0000000744e00000| 99%| O|  |TAMS 0x0000000744dfffc8, 0x0000000744c00000| Untracked 
|  14|0x0000000744e00000, 0x0000000745000000, 0x0000000745000000|100%| O|  |TAMS 0x0000000745000000, 0x0000000744e00000| Untracked 
|  15|0x0000000745000000, 0x0000000745000000, 0x0000000745200000|  0%| F|  |TAMS 0x0000000745000000, 0x0000000745000000| Untracked 
|  16|0x0000000745200000, 0x00000007453ffff8, 0x0000000745400000| 99%| O|  |TAMS 0x00000007453ffff8, 0x0000000745200000| Untracked 
|  17|0x0000000745400000, 0x00000007455fffe8, 0x0000000745600000| 99%| O|  |TAMS 0x00000007455fffe8, 0x0000000745400000| Untracked 
|  18|0x0000000745600000, 0x00000007457fffc8, 0x0000000745800000| 99%| O|  |TAMS 0x00000007457fffc8, 0x0000000745600000| Untracked 
|  19|0x0000000745800000, 0x00000007459ffff0, 0x0000000745a00000| 99%| O|  |TAMS 0x00000007459ffff0, 0x0000000745800000| Untracked 
|  20|0x0000000745a00000, 0x0000000745bff190, 0x0000000745c00000| 99%| O|  |TAMS 0x0000000745bff190, 0x0000000745a00000| Untracked 
|  21|0x0000000745c00000, 0x0000000745c00000, 0x0000000745e00000|  0%| F|  |TAMS 0x0000000745c00000, 0x0000000745c00000| Untracked 
|  22|0x0000000745e00000, 0x0000000745ffffd0, 0x0000000746000000| 99%| O|  |TAMS 0x0000000745ffffd0, 0x0000000745e00000| Untracked 
|  23|0x0000000746000000, 0x00000007461ffff8, 0x0000000746200000| 99%| O|  |TAMS 0x00000007461ffff8, 0x0000000746000000| Untracked 
|  24|0x0000000746200000, 0x00000007463fffc8, 0x0000000746400000| 99%| O|  |TAMS 0x00000007463fffc8, 0x0000000746200000| Untracked 
|  25|0x0000000746400000, 0x00000007465fffd8, 0x0000000746600000| 99%| O|  |TAMS 0x00000007465fffd8, 0x0000000746400000| Untracked 
|  26|0x0000000746600000, 0x00000007467ffff8, 0x0000000746800000| 99%| O|  |TAMS 0x00000007467ffff8, 0x0000000746600000| Untracked 
|  27|0x0000000746800000, 0x00000007469ffff8, 0x0000000746a00000| 99%| O|  |TAMS 0x00000007469ffff8, 0x0000000746800000| Untracked 
|  28|0x0000000746a00000, 0x0000000746bfffd8, 0x0000000746c00000| 99%| O|  |TAMS 0x0000000746bfffd8, 0x0000000746a00000| Untracked 
|  29|0x0000000746c00000, 0x0000000746e00000, 0x0000000746e00000|100%| O|  |TAMS 0x0000000746e00000, 0x0000000746c00000| Untracked 
|  30|0x0000000746e00000, 0x0000000746ff1838, 0x0000000747000000| 97%| O|  |TAMS 0x0000000746ff1838, 0x0000000746e00000| Untracked 
|  31|0x0000000747000000, 0x0000000747200000, 0x0000000747200000|100%|HS|  |TAMS 0x0000000747200000, 0x0000000747000000| Complete 
|  32|0x0000000747200000, 0x0000000747400000, 0x0000000747400000|100%|HC|  |TAMS 0x0000000747400000, 0x0000000747200000| Complete 
|  33|0x0000000747400000, 0x00000007475fffa0, 0x0000000747600000| 99%| O|  |TAMS 0x00000007475fffa0, 0x0000000747400000| Untracked 
|  34|0x0000000747600000, 0x00000007477fd298, 0x0000000747800000| 99%| O|  |TAMS 0x00000007477fd298, 0x0000000747600000| Untracked 
|  35|0x0000000747800000, 0x00000007479ffff0, 0x0000000747a00000| 99%| O|  |TAMS 0x00000007479ffff0, 0x0000000747800000| Untracked 
|  36|0x0000000747a00000, 0x0000000747a00000, 0x0000000747c00000|  0%| F|  |TAMS 0x0000000747a00000, 0x0000000747a00000| Untracked 
|  37|0x0000000747c00000, 0x0000000747e00000, 0x0000000747e00000|100%| O|  |TAMS 0x0000000747e00000, 0x0000000747c00000| Untracked 
|  38|0x0000000747e00000, 0x0000000747feed40, 0x0000000748000000| 96%| O|  |TAMS 0x0000000747feed40, 0x0000000747e00000| Untracked 
|  39|0x0000000748000000, 0x00000007481fffd0, 0x0000000748200000| 99%| O|  |TAMS 0x00000007481fffd0, 0x0000000748000000| Untracked 
|  40|0x0000000748200000, 0x00000007483fdb18, 0x0000000748400000| 99%| O|  |TAMS 0x00000007483fdb18, 0x0000000748200000| Untracked 
|  41|0x0000000748400000, 0x00000007485ffff8, 0x0000000748600000| 99%| O|  |TAMS 0x00000007485ffff8, 0x0000000748400000| Untracked 
|  42|0x0000000748600000, 0x00000007487ffff0, 0x0000000748800000| 99%| O|  |TAMS 0x00000007487ffff0, 0x0000000748600000| Untracked 
|  43|0x0000000748800000, 0x00000007489fffd0, 0x0000000748a00000| 99%| O|  |TAMS 0x00000007489fffd0, 0x0000000748800000| Untracked 
|  44|0x0000000748a00000, 0x0000000748bfffc8, 0x0000000748c00000| 99%| O|  |TAMS 0x0000000748bfffc8, 0x0000000748a00000| Untracked 
|  45|0x0000000748c00000, 0x0000000748dfffe8, 0x0000000748e00000| 99%| O|  |TAMS 0x0000000748dfffe8, 0x0000000748c00000| Untracked 
|  46|0x0000000748e00000, 0x0000000749000000, 0x0000000749000000|100%| O|  |TAMS 0x0000000749000000, 0x0000000748e00000| Untracked 
|  47|0x0000000749000000, 0x0000000749000000, 0x0000000749200000|  0%| F|  |TAMS 0x0000000749000000, 0x0000000749000000| Untracked 
|  48|0x0000000749200000, 0x0000000749400000, 0x0000000749400000|100%| O|  |TAMS 0x0000000749400000, 0x0000000749200000| Untracked 
|  49|0x0000000749400000, 0x0000000749600000, 0x0000000749600000|100%| O|  |TAMS 0x0000000749600000, 0x0000000749400000| Untracked 
|  50|0x0000000749600000, 0x0000000749800000, 0x0000000749800000|100%| O|  |TAMS 0x0000000749600000, 0x0000000749600000| Untracked 
|  51|0x0000000749800000, 0x0000000749a00000, 0x0000000749a00000|100%| O|  |TAMS 0x0000000749a00000, 0x0000000749800000| Untracked 
|  52|0x0000000749a00000, 0x0000000749c00000, 0x0000000749c00000|100%| O|  |TAMS 0x0000000749c00000, 0x0000000749a00000| Untracked 
|  53|0x0000000749c00000, 0x0000000749e00000, 0x0000000749e00000|100%| O|  |TAMS 0x0000000749e00000, 0x0000000749c00000| Untracked 
|  54|0x0000000749e00000, 0x0000000749e00000, 0x000000074a000000|  0%| F|  |TAMS 0x0000000749e00000, 0x0000000749e00000| Untracked 
|  55|0x000000074a000000, 0x000000074a000000, 0x000000074a200000|  0%| F|  |TAMS 0x000000074a000000, 0x000000074a000000| Untracked 
|  56|0x000000074a200000, 0x000000074a200000, 0x000000074a400000|  0%| F|  |TAMS 0x000000074a200000, 0x000000074a200000| Untracked 
|  57|0x000000074a400000, 0x000000074a5fffd0, 0x000000074a600000| 99%| O|  |TAMS 0x000000074a5fffd0, 0x000000074a400000| Untracked 
|  58|0x000000074a600000, 0x000000074a800000, 0x000000074a800000|100%| O|  |TAMS 0x000000074a600000, 0x000000074a600000| Untracked 
|  59|0x000000074a800000, 0x000000074a800000, 0x000000074aa00000|  0%| F|  |TAMS 0x000000074a800000, 0x000000074a800000| Untracked 
|  60|0x000000074aa00000, 0x000000074aa00000, 0x000000074ac00000|  0%| F|  |TAMS 0x000000074aa00000, 0x000000074aa00000| Untracked 
|  61|0x000000074ac00000, 0x000000074ac00000, 0x000000074ae00000|  0%| F|  |TAMS 0x000000074ac00000, 0x000000074ac00000| Untracked 
|  62|0x000000074ae00000, 0x000000074b000000, 0x000000074b000000|100%| O|  |TAMS 0x000000074b000000, 0x000000074ae00000| Untracked 
|  63|0x000000074b000000, 0x000000074b200000, 0x000000074b200000|100%| O|  |TAMS 0x000000074b200000, 0x000000074b000000| Untracked 
|  64|0x000000074b200000, 0x000000074b400000, 0x000000074b400000|100%| O|  |TAMS 0x000000074b400000, 0x000000074b200000| Untracked 
|  65|0x000000074b400000, 0x000000074b400000, 0x000000074b600000|  0%| F|  |TAMS 0x000000074b400000, 0x000000074b400000| Untracked 
|  66|0x000000074b600000, 0x000000074b600000, 0x000000074b800000|  0%| F|  |TAMS 0x000000074b600000, 0x000000074b600000| Untracked 
|  67|0x000000074b800000, 0x000000074ba00000, 0x000000074ba00000|100%| O|  |TAMS 0x000000074ba00000, 0x000000074b800000| Untracked 
|  68|0x000000074ba00000, 0x000000074bc00000, 0x000000074bc00000|100%| O|  |TAMS 0x000000074bc00000, 0x000000074ba00000| Untracked 
|  69|0x000000074bc00000, 0x000000074bc00000, 0x000000074be00000|  0%| F|  |TAMS 0x000000074bc00000, 0x000000074bc00000| Untracked 
|  70|0x000000074be00000, 0x000000074c000000, 0x000000074c000000|100%| O|  |TAMS 0x000000074c000000, 0x000000074be00000| Untracked 
|  71|0x000000074c000000, 0x000000074c200000, 0x000000074c200000|100%| O|  |TAMS 0x000000074c200000, 0x000000074c000000| Untracked 
|  72|0x000000074c200000, 0x000000074c400000, 0x000000074c400000|100%| O|  |TAMS 0x000000074c400000, 0x000000074c200000| Untracked 
|  73|0x000000074c400000, 0x000000074c600000, 0x000000074c600000|100%| O|  |TAMS 0x000000074c600000, 0x000000074c400000| Untracked 
|  74|0x000000074c600000, 0x000000074c800000, 0x000000074c800000|100%| O|  |TAMS 0x000000074c800000, 0x000000074c600000| Untracked 
|  75|0x000000074c800000, 0x000000074ca00000, 0x000000074ca00000|100%|HS|  |TAMS 0x000000074c800000, 0x000000074c800000| Complete 
|  76|0x000000074ca00000, 0x000000074cc00000, 0x000000074cc00000|100%| O|  |TAMS 0x000000074cc00000, 0x000000074ca00000| Untracked 
|  77|0x000000074cc00000, 0x000000074cc00000, 0x000000074ce00000|  0%| F|  |TAMS 0x000000074cc00000, 0x000000074cc00000| Untracked 
|  78|0x000000074ce00000, 0x000000074d000000, 0x000000074d000000|100%| O|  |TAMS 0x000000074d000000, 0x000000074ce00000| Untracked 
|  79|0x000000074d000000, 0x000000074d200000, 0x000000074d200000|100%| O|  |TAMS 0x000000074d000000, 0x000000074d000000| Untracked 
|  80|0x000000074d200000, 0x000000074d400000, 0x000000074d400000|100%| O|  |TAMS 0x000000074d400000, 0x000000074d200000| Untracked 
|  81|0x000000074d400000, 0x000000074d600000, 0x000000074d600000|100%| O|  |TAMS 0x000000074d600000, 0x000000074d400000| Untracked 
|  82|0x000000074d600000, 0x000000074d800000, 0x000000074d800000|100%| O|  |TAMS 0x000000074d600000, 0x000000074d600000| Untracked 
|  83|0x000000074d800000, 0x000000074da00000, 0x000000074da00000|100%| O|  |TAMS 0x000000074da00000, 0x000000074d800000| Untracked 
|  84|0x000000074da00000, 0x000000074dc00000, 0x000000074dc00000|100%| O|  |TAMS 0x000000074da00000, 0x000000074da00000| Untracked 
|  85|0x000000074dc00000, 0x000000074de00000, 0x000000074de00000|100%| O|  |TAMS 0x000000074dc00000, 0x000000074dc00000| Untracked 
|  86|0x000000074de00000, 0x000000074e000000, 0x000000074e000000|100%| O|  |TAMS 0x000000074e000000, 0x000000074de00000| Untracked 
|  87|0x000000074e000000, 0x000000074e200000, 0x000000074e200000|100%| O|  |TAMS 0x000000074e200000, 0x000000074e000000| Untracked 
|  88|0x000000074e200000, 0x000000074e400000, 0x000000074e400000|100%| O|  |TAMS 0x000000074e200000, 0x000000074e200000| Untracked 
|  89|0x000000074e400000, 0x000000074e600000, 0x000000074e600000|100%| O|  |TAMS 0x000000074e600000, 0x000000074e400000| Untracked 
|  90|0x000000074e600000, 0x000000074e800000, 0x000000074e800000|100%| O|  |TAMS 0x000000074e800000, 0x000000074e600000| Untracked 
|  91|0x000000074e800000, 0x000000074ea00000, 0x000000074ea00000|100%| O|  |TAMS 0x000000074ea00000, 0x000000074e800000| Untracked 
|  92|0x000000074ea00000, 0x000000074ec00000, 0x000000074ec00000|100%| O|  |TAMS 0x000000074ec00000, 0x000000074ea00000| Untracked 
|  93|0x000000074ec00000, 0x000000074ee00000, 0x000000074ee00000|100%| O|  |TAMS 0x000000074ee00000, 0x000000074ec00000| Untracked 
|  94|0x000000074ee00000, 0x000000074f000000, 0x000000074f000000|100%| O|  |TAMS 0x000000074f000000, 0x000000074ee00000| Untracked 
|  95|0x000000074f000000, 0x000000074f200000, 0x000000074f200000|100%| O|  |TAMS 0x000000074f200000, 0x000000074f000000| Untracked 
|  96|0x000000074f200000, 0x000000074f400000, 0x000000074f400000|100%| O|  |TAMS 0x000000074f400000, 0x000000074f200000| Untracked 
|  97|0x000000074f400000, 0x000000074f600000, 0x000000074f600000|100%| O|  |TAMS 0x000000074f600000, 0x000000074f400000| Untracked 
|  98|0x000000074f600000, 0x000000074f800000, 0x000000074f800000|100%| O|  |TAMS 0x000000074f800000, 0x000000074f600000| Untracked 
|  99|0x000000074f800000, 0x000000074fa00000, 0x000000074fa00000|100%| O|  |TAMS 0x000000074fa00000, 0x000000074f800000| Untracked 
| 100|0x000000074fa00000, 0x000000074fc00000, 0x000000074fc00000|100%| O|  |TAMS 0x000000074fc00000, 0x000000074fa00000| Untracked 
| 101|0x000000074fc00000, 0x000000074fe00000, 0x000000074fe00000|100%| O|  |TAMS 0x000000074fe00000, 0x000000074fc00000| Untracked 
| 102|0x000000074fe00000, 0x0000000750000000, 0x0000000750000000|100%| O|  |TAMS 0x0000000750000000, 0x000000074fe00000| Untracked 
| 103|0x0000000750000000, 0x0000000750200000, 0x0000000750200000|100%| O|  |TAMS 0x0000000750200000, 0x0000000750000000| Untracked 
| 104|0x0000000750200000, 0x0000000750400000, 0x0000000750400000|100%| O|  |TAMS 0x0000000750400000, 0x0000000750200000| Untracked 
| 105|0x0000000750400000, 0x0000000750600000, 0x0000000750600000|100%| O|  |TAMS 0x0000000750400000, 0x0000000750400000| Untracked 
| 106|0x0000000750600000, 0x0000000750800000, 0x0000000750800000|100%|HS|  |TAMS 0x0000000750800000, 0x0000000750600000| Complete 
| 107|0x0000000750800000, 0x0000000750a00000, 0x0000000750a00000|100%|HC|  |TAMS 0x0000000750a00000, 0x0000000750800000| Complete 
| 108|0x0000000750a00000, 0x0000000750c00000, 0x0000000750c00000|100%| O|  |TAMS 0x0000000750c00000, 0x0000000750a00000| Untracked 
| 109|0x0000000750c00000, 0x0000000750e00000, 0x0000000750e00000|100%| O|  |TAMS 0x0000000750e00000, 0x0000000750c00000| Untracked 
| 110|0x0000000750e00000, 0x0000000751000000, 0x0000000751000000|100%| O|  |TAMS 0x0000000751000000, 0x0000000750e00000| Untracked 
| 111|0x0000000751000000, 0x0000000751200000, 0x0000000751200000|100%| O|  |TAMS 0x0000000751200000, 0x0000000751000000| Untracked 
| 112|0x0000000751200000, 0x0000000751400000, 0x0000000751400000|100%| O|  |TAMS 0x0000000751400000, 0x0000000751200000| Untracked 
| 113|0x0000000751400000, 0x0000000751600000, 0x0000000751600000|100%| O|  |TAMS 0x0000000751600000, 0x0000000751400000| Untracked 
| 114|0x0000000751600000, 0x0000000751800000, 0x0000000751800000|100%| O|  |TAMS 0x0000000751800000, 0x0000000751600000| Untracked 
| 115|0x0000000751800000, 0x0000000751a00000, 0x0000000751a00000|100%| O|  |TAMS 0x0000000751a00000, 0x0000000751800000| Untracked 
| 116|0x0000000751a00000, 0x0000000751c00000, 0x0000000751c00000|100%| O|  |TAMS 0x0000000751c00000, 0x0000000751a00000| Untracked 
| 117|0x0000000751c00000, 0x0000000751e00000, 0x0000000751e00000|100%| O|  |TAMS 0x0000000751e00000, 0x0000000751c00000| Untracked 
| 118|0x0000000751e00000, 0x0000000752000000, 0x0000000752000000|100%| O|  |TAMS 0x0000000752000000, 0x0000000751e00000| Untracked 
| 119|0x0000000752000000, 0x0000000752200000, 0x0000000752200000|100%| O|  |TAMS 0x0000000752200000, 0x0000000752000000| Untracked 
| 120|0x0000000752200000, 0x0000000752400000, 0x0000000752400000|100%| O|  |TAMS 0x0000000752400000, 0x0000000752200000| Untracked 
| 121|0x0000000752400000, 0x0000000752600000, 0x0000000752600000|100%| O|  |TAMS 0x0000000752600000, 0x0000000752400000| Untracked 
| 122|0x0000000752600000, 0x0000000752800000, 0x0000000752800000|100%| O|  |TAMS 0x0000000752800000, 0x0000000752600000| Untracked 
| 123|0x0000000752800000, 0x0000000752a00000, 0x0000000752a00000|100%| O|  |TAMS 0x0000000752a00000, 0x0000000752800000| Untracked 
| 124|0x0000000752a00000, 0x0000000752c00000, 0x0000000752c00000|100%| O|  |TAMS 0x0000000752c00000, 0x0000000752a00000| Untracked 
| 125|0x0000000752c00000, 0x0000000752e00000, 0x0000000752e00000|100%| O|  |TAMS 0x0000000752e00000, 0x0000000752c00000| Untracked 
| 126|0x0000000752e00000, 0x0000000753000000, 0x0000000753000000|100%| O|  |TAMS 0x0000000753000000, 0x0000000752e00000| Untracked 
| 127|0x0000000753000000, 0x0000000753200000, 0x0000000753200000|100%| O|  |TAMS 0x0000000753200000, 0x0000000753000000| Untracked 
| 128|0x0000000753200000, 0x0000000753400000, 0x0000000753400000|100%| O|  |TAMS 0x0000000753400000, 0x0000000753200000| Untracked 
| 129|0x0000000753400000, 0x0000000753600000, 0x0000000753600000|100%| O|  |TAMS 0x0000000753600000, 0x0000000753400000| Untracked 
| 130|0x0000000753600000, 0x0000000753800000, 0x0000000753800000|100%| O|  |TAMS 0x0000000753800000, 0x0000000753600000| Untracked 
| 131|0x0000000753800000, 0x0000000753a00000, 0x0000000753a00000|100%| O|  |TAMS 0x0000000753a00000, 0x0000000753800000| Untracked 
| 132|0x0000000753a00000, 0x0000000753c00000, 0x0000000753c00000|100%| O|  |TAMS 0x0000000753c00000, 0x0000000753a00000| Untracked 
| 133|0x0000000753c00000, 0x0000000753e00000, 0x0000000753e00000|100%| O|  |TAMS 0x0000000753e00000, 0x0000000753c00000| Untracked 
| 134|0x0000000753e00000, 0x0000000754000000, 0x0000000754000000|100%| O|  |TAMS 0x0000000754000000, 0x0000000753e00000| Untracked 
| 135|0x0000000754000000, 0x0000000754200000, 0x0000000754200000|100%| O|  |TAMS 0x0000000754200000, 0x0000000754000000| Untracked 
| 136|0x0000000754200000, 0x0000000754400000, 0x0000000754400000|100%| O|  |TAMS 0x0000000754400000, 0x0000000754200000| Untracked 
| 137|0x0000000754400000, 0x0000000754600000, 0x0000000754600000|100%| O|  |TAMS 0x0000000754600000, 0x0000000754400000| Untracked 
| 138|0x0000000754600000, 0x0000000754600000, 0x0000000754800000|  0%| F|  |TAMS 0x0000000754600000, 0x0000000754600000| Untracked 
| 139|0x0000000754800000, 0x0000000754a00000, 0x0000000754a00000|100%| O|  |TAMS 0x0000000754a00000, 0x0000000754800000| Untracked 
| 140|0x0000000754a00000, 0x0000000754a00000, 0x0000000754c00000|  0%| F|  |TAMS 0x0000000754a00000, 0x0000000754a00000| Untracked 
| 141|0x0000000754c00000, 0x0000000754e00000, 0x0000000754e00000|100%|HS|  |TAMS 0x0000000754e00000, 0x0000000754c00000| Complete 
| 142|0x0000000754e00000, 0x0000000755000000, 0x0000000755000000|100%|HC|  |TAMS 0x0000000755000000, 0x0000000754e00000| Complete 
| 143|0x0000000755000000, 0x0000000755200000, 0x0000000755200000|100%|HS|  |TAMS 0x0000000755200000, 0x0000000755000000| Complete 
| 144|0x0000000755200000, 0x0000000755400000, 0x0000000755400000|100%|HC|  |TAMS 0x0000000755400000, 0x0000000755200000| Complete 
| 145|0x0000000755400000, 0x0000000755600000, 0x0000000755600000|100%| O|  |TAMS 0x0000000755400000, 0x0000000755400000| Untracked 
| 146|0x0000000755600000, 0x0000000755800000, 0x0000000755800000|100%| O|  |TAMS 0x0000000755600000, 0x0000000755600000| Untracked 
| 147|0x0000000755800000, 0x0000000755a00000, 0x0000000755a00000|100%| O|  |TAMS 0x0000000755800000, 0x0000000755800000| Untracked 
| 148|0x0000000755a00000, 0x0000000755c00000, 0x0000000755c00000|100%| O|  |TAMS 0x0000000755a00000, 0x0000000755a00000| Untracked 
| 149|0x0000000755c00000, 0x0000000755e00000, 0x0000000755e00000|100%| O|  |TAMS 0x0000000755c00000, 0x0000000755c00000| Untracked 
| 150|0x0000000755e00000, 0x0000000756000000, 0x0000000756000000|100%| O|  |TAMS 0x0000000755e00000, 0x0000000755e00000| Untracked 
| 151|0x0000000756000000, 0x0000000756200000, 0x0000000756200000|100%| O|  |TAMS 0x0000000756000000, 0x0000000756000000| Untracked 
| 152|0x0000000756200000, 0x0000000756400000, 0x0000000756400000|100%| O|  |TAMS 0x0000000756200000, 0x0000000756200000| Untracked 
| 153|0x0000000756400000, 0x0000000756600000, 0x0000000756600000|100%|HS|  |TAMS 0x0000000756400000, 0x0000000756400000| Complete 
| 154|0x0000000756600000, 0x0000000756800000, 0x0000000756800000|100%|HC|  |TAMS 0x0000000756600000, 0x0000000756600000| Complete 
| 155|0x0000000756800000, 0x0000000756a00000, 0x0000000756a00000|100%| O|  |TAMS 0x0000000756800000, 0x0000000756800000| Untracked 
| 156|0x0000000756a00000, 0x0000000756c00000, 0x0000000756c00000|100%| O|  |TAMS 0x0000000756a00000, 0x0000000756a00000| Untracked 
| 157|0x0000000756c00000, 0x0000000756e00000, 0x0000000756e00000|100%| O|  |TAMS 0x0000000756c00000, 0x0000000756c00000| Untracked 
| 158|0x0000000756e00000, 0x0000000757000000, 0x0000000757000000|100%| O|  |TAMS 0x0000000756e00000, 0x0000000756e00000| Untracked 
| 159|0x0000000757000000, 0x0000000757200000, 0x0000000757200000|100%| O|  |TAMS 0x0000000757000000, 0x0000000757000000| Untracked 
| 160|0x0000000757200000, 0x0000000757400000, 0x0000000757400000|100%| O|  |TAMS 0x0000000757200000, 0x0000000757200000| Untracked 
| 161|0x0000000757400000, 0x0000000757600000, 0x0000000757600000|100%| O|  |TAMS 0x0000000757400000, 0x0000000757400000| Untracked 
| 162|0x0000000757600000, 0x0000000757800000, 0x0000000757800000|100%| O|  |TAMS 0x0000000757600000, 0x0000000757600000| Untracked 
| 163|0x0000000757800000, 0x0000000757a00000, 0x0000000757a00000|100%| O|  |TAMS 0x0000000757800000, 0x0000000757800000| Untracked 
| 164|0x0000000757a00000, 0x0000000757c00000, 0x0000000757c00000|100%| O|  |TAMS 0x0000000757a00000, 0x0000000757a00000| Untracked 
| 165|0x0000000757c00000, 0x0000000757e00000, 0x0000000757e00000|100%| O|  |TAMS 0x0000000757c00000, 0x0000000757c00000| Untracked 
| 166|0x0000000757e00000, 0x0000000758000000, 0x0000000758000000|100%| O|  |TAMS 0x0000000757e00000, 0x0000000757e00000| Untracked 
| 167|0x0000000758000000, 0x0000000758200000, 0x0000000758200000|100%| O|  |TAMS 0x0000000758000000, 0x0000000758000000| Untracked 
| 168|0x0000000758200000, 0x0000000758400000, 0x0000000758400000|100%| O|  |TAMS 0x0000000758200000, 0x0000000758200000| Untracked 
| 169|0x0000000758400000, 0x0000000758600000, 0x0000000758600000|100%| O|  |TAMS 0x0000000758400000, 0x0000000758400000| Untracked 
| 170|0x0000000758600000, 0x0000000758800000, 0x0000000758800000|100%| O|  |TAMS 0x0000000758600000, 0x0000000758600000| Untracked 
| 171|0x0000000758800000, 0x0000000758a00000, 0x0000000758a00000|100%| O|  |TAMS 0x0000000758800000, 0x0000000758800000| Untracked 
| 172|0x0000000758a00000, 0x0000000758c00000, 0x0000000758c00000|100%| O|  |TAMS 0x0000000758a00000, 0x0000000758a00000| Untracked 
| 173|0x0000000758c00000, 0x0000000758e00000, 0x0000000758e00000|100%| O|  |TAMS 0x0000000758c00000, 0x0000000758c00000| Untracked 
| 174|0x0000000758e00000, 0x0000000759000000, 0x0000000759000000|100%| O|  |TAMS 0x0000000758e00000, 0x0000000758e00000| Untracked 
| 175|0x0000000759000000, 0x0000000759200000, 0x0000000759200000|100%| O|  |TAMS 0x0000000759000000, 0x0000000759000000| Untracked 
| 176|0x0000000759200000, 0x0000000759400000, 0x0000000759400000|100%| O|  |TAMS 0x0000000759200000, 0x0000000759200000| Untracked 
| 177|0x0000000759400000, 0x0000000759600000, 0x0000000759600000|100%| O|  |TAMS 0x0000000759400000, 0x0000000759400000| Untracked 
| 178|0x0000000759600000, 0x0000000759800000, 0x0000000759800000|100%| O|  |TAMS 0x0000000759600000, 0x0000000759600000| Untracked 
| 179|0x0000000759800000, 0x00000007598e7e00, 0x0000000759a00000| 45%| O|  |TAMS 0x0000000759800000, 0x0000000759800000| Untracked 
| 180|0x0000000759a00000, 0x0000000759a00000, 0x0000000759c00000|  0%| F|  |TAMS 0x0000000759a00000, 0x0000000759a00000| Untracked 
| 181|0x0000000759c00000, 0x0000000759c00000, 0x0000000759e00000|  0%| F|  |TAMS 0x0000000759c00000, 0x0000000759c00000| Untracked 
| 182|0x0000000759e00000, 0x0000000759e00000, 0x000000075a000000|  0%| F|  |TAMS 0x0000000759e00000, 0x0000000759e00000| Untracked 
| 183|0x000000075a000000, 0x000000075a000000, 0x000000075a200000|  0%| F|  |TAMS 0x000000075a000000, 0x000000075a000000| Untracked 
| 184|0x000000075a200000, 0x000000075a200000, 0x000000075a400000|  0%| F|  |TAMS 0x000000075a200000, 0x000000075a200000| Untracked 
| 185|0x000000075a400000, 0x000000075a400000, 0x000000075a600000|  0%| F|  |TAMS 0x000000075a400000, 0x000000075a400000| Untracked 
| 186|0x000000075a600000, 0x000000075a600000, 0x000000075a800000|  0%| F|  |TAMS 0x000000075a600000, 0x000000075a600000| Untracked 
| 187|0x000000075a800000, 0x000000075a800000, 0x000000075aa00000|  0%| F|  |TAMS 0x000000075a800000, 0x000000075a800000| Untracked 
| 188|0x000000075aa00000, 0x000000075aa00000, 0x000000075ac00000|  0%| F|  |TAMS 0x000000075aa00000, 0x000000075aa00000| Untracked 
| 189|0x000000075ac00000, 0x000000075ac00000, 0x000000075ae00000|  0%| F|  |TAMS 0x000000075ac00000, 0x000000075ac00000| Untracked 
| 190|0x000000075ae00000, 0x000000075ae00000, 0x000000075b000000|  0%| F|  |TAMS 0x000000075ae00000, 0x000000075ae00000| Untracked 
| 191|0x000000075b000000, 0x000000075b000000, 0x000000075b200000|  0%| F|  |TAMS 0x000000075b000000, 0x000000075b000000| Untracked 
| 192|0x000000075b200000, 0x000000075b200000, 0x000000075b400000|  0%| F|  |TAMS 0x000000075b200000, 0x000000075b200000| Untracked 
| 193|0x000000075b400000, 0x000000075b400000, 0x000000075b600000|  0%| F|  |TAMS 0x000000075b400000, 0x000000075b400000| Untracked 
| 194|0x000000075b600000, 0x000000075b600000, 0x000000075b800000|  0%| F|  |TAMS 0x000000075b600000, 0x000000075b600000| Untracked 
| 195|0x000000075b800000, 0x000000075b800000, 0x000000075ba00000|  0%| F|  |TAMS 0x000000075b800000, 0x000000075b800000| Untracked 
| 196|0x000000075ba00000, 0x000000075ba00000, 0x000000075bc00000|  0%| F|  |TAMS 0x000000075ba00000, 0x000000075ba00000| Untracked 
| 197|0x000000075bc00000, 0x000000075bc00000, 0x000000075be00000|  0%| F|  |TAMS 0x000000075bc00000, 0x000000075bc00000| Untracked 
| 198|0x000000075be00000, 0x000000075be00000, 0x000000075c000000|  0%| F|  |TAMS 0x000000075be00000, 0x000000075be00000| Untracked 
| 199|0x000000075c000000, 0x000000075c000000, 0x000000075c200000|  0%| F|  |TAMS 0x000000075c000000, 0x000000075c000000| Untracked 
| 200|0x000000075c200000, 0x000000075c200000, 0x000000075c400000|  0%| F|  |TAMS 0x000000075c200000, 0x000000075c200000| Untracked 
| 201|0x000000075c400000, 0x000000075c400000, 0x000000075c600000|  0%| F|  |TAMS 0x000000075c400000, 0x000000075c400000| Untracked 
| 202|0x000000075c600000, 0x000000075c600000, 0x000000075c800000|  0%| F|  |TAMS 0x000000075c600000, 0x000000075c600000| Untracked 
| 203|0x000000075c800000, 0x000000075c800000, 0x000000075ca00000|  0%| F|  |TAMS 0x000000075c800000, 0x000000075c800000| Untracked 
| 204|0x000000075ca00000, 0x000000075ca00000, 0x000000075cc00000|  0%| F|  |TAMS 0x000000075ca00000, 0x000000075ca00000| Untracked 
| 205|0x000000075cc00000, 0x000000075cc00000, 0x000000075ce00000|  0%| F|  |TAMS 0x000000075cc00000, 0x000000075cc00000| Untracked 
| 206|0x000000075ce00000, 0x000000075ce00000, 0x000000075d000000|  0%| F|  |TAMS 0x000000075ce00000, 0x000000075ce00000| Untracked 
| 207|0x000000075d000000, 0x000000075d000000, 0x000000075d200000|  0%| F|  |TAMS 0x000000075d000000, 0x000000075d000000| Untracked 
| 208|0x000000075d200000, 0x000000075d200000, 0x000000075d400000|  0%| F|  |TAMS 0x000000075d200000, 0x000000075d200000| Untracked 
| 209|0x000000075d400000, 0x000000075d400000, 0x000000075d600000|  0%| F|  |TAMS 0x000000075d400000, 0x000000075d400000| Untracked 
| 210|0x000000075d600000, 0x000000075d600000, 0x000000075d800000|  0%| F|  |TAMS 0x000000075d600000, 0x000000075d600000| Untracked 
| 211|0x000000075d800000, 0x000000075d800000, 0x000000075da00000|  0%| F|  |TAMS 0x000000075d800000, 0x000000075d800000| Untracked 
| 212|0x000000075da00000, 0x000000075da00000, 0x000000075dc00000|  0%| F|  |TAMS 0x000000075da00000, 0x000000075da00000| Untracked 
| 213|0x000000075dc00000, 0x000000075dc00000, 0x000000075de00000|  0%| F|  |TAMS 0x000000075dc00000, 0x000000075dc00000| Untracked 
| 214|0x000000075de00000, 0x000000075de00000, 0x000000075e000000|  0%| F|  |TAMS 0x000000075de00000, 0x000000075de00000| Untracked 
| 215|0x000000075e000000, 0x000000075e000000, 0x000000075e200000|  0%| F|  |TAMS 0x000000075e000000, 0x000000075e000000| Untracked 
| 216|0x000000075e200000, 0x000000075e200000, 0x000000075e400000|  0%| F|  |TAMS 0x000000075e200000, 0x000000075e200000| Untracked 
| 217|0x000000075e400000, 0x000000075e400000, 0x000000075e600000|  0%| F|  |TAMS 0x000000075e400000, 0x000000075e400000| Untracked 
| 218|0x000000075e600000, 0x000000075e600000, 0x000000075e800000|  0%| F|  |TAMS 0x000000075e600000, 0x000000075e600000| Untracked 
| 219|0x000000075e800000, 0x000000075e800000, 0x000000075ea00000|  0%| F|  |TAMS 0x000000075e800000, 0x000000075e800000| Untracked 
| 220|0x000000075ea00000, 0x000000075ea00000, 0x000000075ec00000|  0%| F|  |TAMS 0x000000075ea00000, 0x000000075ea00000| Untracked 
| 221|0x000000075ec00000, 0x000000075ec00000, 0x000000075ee00000|  0%| F|  |TAMS 0x000000075ec00000, 0x000000075ec00000| Untracked 
| 222|0x000000075ee00000, 0x000000075ee00000, 0x000000075f000000|  0%| F|  |TAMS 0x000000075ee00000, 0x000000075ee00000| Untracked 
| 223|0x000000075f000000, 0x000000075f000000, 0x000000075f200000|  0%| F|  |TAMS 0x000000075f000000, 0x000000075f000000| Untracked 
| 224|0x000000075f200000, 0x000000075f200000, 0x000000075f400000|  0%| F|  |TAMS 0x000000075f200000, 0x000000075f200000| Untracked 
| 225|0x000000075f400000, 0x000000075f400000, 0x000000075f600000|  0%| F|  |TAMS 0x000000075f400000, 0x000000075f400000| Untracked 
| 226|0x000000075f600000, 0x000000075f600000, 0x000000075f800000|  0%| F|  |TAMS 0x000000075f600000, 0x000000075f600000| Untracked 
| 227|0x000000075f800000, 0x000000075f800000, 0x000000075fa00000|  0%| F|  |TAMS 0x000000075f800000, 0x000000075f800000| Untracked 
| 228|0x000000075fa00000, 0x000000075fa00000, 0x000000075fc00000|  0%| F|  |TAMS 0x000000075fa00000, 0x000000075fa00000| Untracked 
| 229|0x000000075fc00000, 0x000000075fc00000, 0x000000075fe00000|  0%| F|  |TAMS 0x000000075fc00000, 0x000000075fc00000| Untracked 
| 230|0x000000075fe00000, 0x000000075fe00000, 0x0000000760000000|  0%| F|  |TAMS 0x000000075fe00000, 0x000000075fe00000| Untracked 
| 231|0x0000000760000000, 0x0000000760000000, 0x0000000760200000|  0%| F|  |TAMS 0x0000000760000000, 0x0000000760000000| Untracked 
| 232|0x0000000760200000, 0x0000000760200000, 0x0000000760400000|  0%| F|  |TAMS 0x0000000760200000, 0x0000000760200000| Untracked 
| 233|0x0000000760400000, 0x0000000760400000, 0x0000000760600000|  0%| F|  |TAMS 0x0000000760400000, 0x0000000760400000| Untracked 
| 234|0x0000000760600000, 0x0000000760600000, 0x0000000760800000|  0%| F|  |TAMS 0x0000000760600000, 0x0000000760600000| Untracked 
| 235|0x0000000760800000, 0x0000000760800000, 0x0000000760a00000|  0%| F|  |TAMS 0x0000000760800000, 0x0000000760800000| Untracked 
| 236|0x0000000760a00000, 0x0000000760a00000, 0x0000000760c00000|  0%| F|  |TAMS 0x0000000760a00000, 0x0000000760a00000| Untracked 
| 237|0x0000000760c00000, 0x0000000760c00000, 0x0000000760e00000|  0%| F|  |TAMS 0x0000000760c00000, 0x0000000760c00000| Untracked 
| 238|0x0000000760e00000, 0x0000000760e00000, 0x0000000761000000|  0%| F|  |TAMS 0x0000000760e00000, 0x0000000760e00000| Untracked 
| 239|0x0000000761000000, 0x0000000761000000, 0x0000000761200000|  0%| F|  |TAMS 0x0000000761000000, 0x0000000761000000| Untracked 
| 240|0x0000000761200000, 0x0000000761200000, 0x0000000761400000|  0%| F|  |TAMS 0x0000000761200000, 0x0000000761200000| Untracked 
| 241|0x0000000761400000, 0x0000000761400000, 0x0000000761600000|  0%| F|  |TAMS 0x0000000761400000, 0x0000000761400000| Untracked 
| 242|0x0000000761600000, 0x0000000761600000, 0x0000000761800000|  0%| F|  |TAMS 0x0000000761600000, 0x0000000761600000| Untracked 
| 243|0x0000000761800000, 0x0000000761800000, 0x0000000761a00000|  0%| F|  |TAMS 0x0000000761800000, 0x0000000761800000| Untracked 
| 244|0x0000000761a00000, 0x0000000761a00000, 0x0000000761c00000|  0%| F|  |TAMS 0x0000000761a00000, 0x0000000761a00000| Untracked 
| 245|0x0000000761c00000, 0x0000000761c00000, 0x0000000761e00000|  0%| F|  |TAMS 0x0000000761c00000, 0x0000000761c00000| Untracked 
| 246|0x0000000761e00000, 0x0000000761e00000, 0x0000000762000000|  0%| F|  |TAMS 0x0000000761e00000, 0x0000000761e00000| Untracked 
| 247|0x0000000762000000, 0x0000000762000000, 0x0000000762200000|  0%| F|  |TAMS 0x0000000762000000, 0x0000000762000000| Untracked 
| 248|0x0000000762200000, 0x0000000762200000, 0x0000000762400000|  0%| F|  |TAMS 0x0000000762200000, 0x0000000762200000| Untracked 
| 249|0x0000000762400000, 0x0000000762400000, 0x0000000762600000|  0%| F|  |TAMS 0x0000000762400000, 0x0000000762400000| Untracked 
| 250|0x0000000762600000, 0x0000000762600000, 0x0000000762800000|  0%| F|  |TAMS 0x0000000762600000, 0x0000000762600000| Untracked 
| 251|0x0000000762800000, 0x0000000762800000, 0x0000000762a00000|  0%| F|  |TAMS 0x0000000762800000, 0x0000000762800000| Untracked 
| 252|0x0000000762a00000, 0x0000000762a00000, 0x0000000762c00000|  0%| F|  |TAMS 0x0000000762a00000, 0x0000000762a00000| Untracked 
| 253|0x0000000762c00000, 0x0000000762c00000, 0x0000000762e00000|  0%| F|  |TAMS 0x0000000762c00000, 0x0000000762c00000| Untracked 
| 254|0x0000000762e00000, 0x0000000762e00000, 0x0000000763000000|  0%| F|  |TAMS 0x0000000762e00000, 0x0000000762e00000| Untracked 
| 255|0x0000000763000000, 0x0000000763000000, 0x0000000763200000|  0%| F|  |TAMS 0x0000000763000000, 0x0000000763000000| Untracked 
| 256|0x0000000763200000, 0x0000000763200000, 0x0000000763400000|  0%| F|  |TAMS 0x0000000763200000, 0x0000000763200000| Untracked 
| 257|0x0000000763400000, 0x0000000763400000, 0x0000000763600000|  0%| F|  |TAMS 0x0000000763400000, 0x0000000763400000| Untracked 
| 258|0x0000000763600000, 0x0000000763600000, 0x0000000763800000|  0%| F|  |TAMS 0x0000000763600000, 0x0000000763600000| Untracked 
| 259|0x0000000763800000, 0x0000000763800000, 0x0000000763a00000|  0%| F|  |TAMS 0x0000000763800000, 0x0000000763800000| Untracked 
| 260|0x0000000763a00000, 0x0000000763a00000, 0x0000000763c00000|  0%| F|  |TAMS 0x0000000763a00000, 0x0000000763a00000| Untracked 
| 261|0x0000000763c00000, 0x0000000763c00000, 0x0000000763e00000|  0%| F|  |TAMS 0x0000000763c00000, 0x0000000763c00000| Untracked 
| 262|0x0000000763e00000, 0x0000000763e00000, 0x0000000764000000|  0%| F|  |TAMS 0x0000000763e00000, 0x0000000763e00000| Untracked 
| 263|0x0000000764000000, 0x0000000764000000, 0x0000000764200000|  0%| F|  |TAMS 0x0000000764000000, 0x0000000764000000| Untracked 
| 264|0x0000000764200000, 0x0000000764200000, 0x0000000764400000|  0%| F|  |TAMS 0x0000000764200000, 0x0000000764200000| Untracked 
| 265|0x0000000764400000, 0x0000000764400000, 0x0000000764600000|  0%| F|  |TAMS 0x0000000764400000, 0x0000000764400000| Untracked 
| 266|0x0000000764600000, 0x0000000764600000, 0x0000000764800000|  0%| F|  |TAMS 0x0000000764600000, 0x0000000764600000| Untracked 
| 267|0x0000000764800000, 0x0000000764800000, 0x0000000764a00000|  0%| F|  |TAMS 0x0000000764800000, 0x0000000764800000| Untracked 
| 268|0x0000000764a00000, 0x0000000764a00000, 0x0000000764c00000|  0%| F|  |TAMS 0x0000000764a00000, 0x0000000764a00000| Untracked 
| 269|0x0000000764c00000, 0x0000000764c00000, 0x0000000764e00000|  0%| F|  |TAMS 0x0000000764c00000, 0x0000000764c00000| Untracked 
| 270|0x0000000764e00000, 0x0000000764e00000, 0x0000000765000000|  0%| F|  |TAMS 0x0000000764e00000, 0x0000000764e00000| Untracked 
| 271|0x0000000765000000, 0x0000000765000000, 0x0000000765200000|  0%| F|  |TAMS 0x0000000765000000, 0x0000000765000000| Untracked 
| 272|0x0000000765200000, 0x0000000765200000, 0x0000000765400000|  0%| F|  |TAMS 0x0000000765200000, 0x0000000765200000| Untracked 
| 273|0x0000000765400000, 0x0000000765400000, 0x0000000765600000|  0%| F|  |TAMS 0x0000000765400000, 0x0000000765400000| Untracked 
| 274|0x0000000765600000, 0x0000000765600000, 0x0000000765800000|  0%| F|  |TAMS 0x0000000765600000, 0x0000000765600000| Untracked 
| 275|0x0000000765800000, 0x0000000765800000, 0x0000000765a00000|  0%| F|  |TAMS 0x0000000765800000, 0x0000000765800000| Untracked 
| 276|0x0000000765a00000, 0x0000000765a00000, 0x0000000765c00000|  0%| F|  |TAMS 0x0000000765a00000, 0x0000000765a00000| Untracked 
| 277|0x0000000765c00000, 0x0000000765c00000, 0x0000000765e00000|  0%| F|  |TAMS 0x0000000765c00000, 0x0000000765c00000| Untracked 
| 278|0x0000000765e00000, 0x0000000765e00000, 0x0000000766000000|  0%| F|  |TAMS 0x0000000765e00000, 0x0000000765e00000| Untracked 
| 279|0x0000000766000000, 0x0000000766000000, 0x0000000766200000|  0%| F|  |TAMS 0x0000000766000000, 0x0000000766000000| Untracked 
| 280|0x0000000766200000, 0x0000000766200000, 0x0000000766400000|  0%| F|  |TAMS 0x0000000766200000, 0x0000000766200000| Untracked 
| 281|0x0000000766400000, 0x0000000766400000, 0x0000000766600000|  0%| F|  |TAMS 0x0000000766400000, 0x0000000766400000| Untracked 
| 282|0x0000000766600000, 0x0000000766600000, 0x0000000766800000|  0%| F|  |TAMS 0x0000000766600000, 0x0000000766600000| Untracked 
| 283|0x0000000766800000, 0x0000000766800000, 0x0000000766a00000|  0%| F|  |TAMS 0x0000000766800000, 0x0000000766800000| Untracked 
| 284|0x0000000766a00000, 0x0000000766a00000, 0x0000000766c00000|  0%| F|  |TAMS 0x0000000766a00000, 0x0000000766a00000| Untracked 
| 285|0x0000000766c00000, 0x0000000766c00000, 0x0000000766e00000|  0%| F|  |TAMS 0x0000000766c00000, 0x0000000766c00000| Untracked 
| 286|0x0000000766e00000, 0x0000000766e00000, 0x0000000767000000|  0%| F|  |TAMS 0x0000000766e00000, 0x0000000766e00000| Untracked 
| 287|0x0000000767000000, 0x0000000767000000, 0x0000000767200000|  0%| F|  |TAMS 0x0000000767000000, 0x0000000767000000| Untracked 
| 288|0x0000000767200000, 0x0000000767200000, 0x0000000767400000|  0%| F|  |TAMS 0x0000000767200000, 0x0000000767200000| Untracked 
| 289|0x0000000767400000, 0x0000000767400000, 0x0000000767600000|  0%| F|  |TAMS 0x0000000767400000, 0x0000000767400000| Untracked 
| 290|0x0000000767600000, 0x0000000767600000, 0x0000000767800000|  0%| F|  |TAMS 0x0000000767600000, 0x0000000767600000| Untracked 
| 291|0x0000000767800000, 0x0000000767800000, 0x0000000767a00000|  0%| F|  |TAMS 0x0000000767800000, 0x0000000767800000| Untracked 
| 292|0x0000000767a00000, 0x0000000767a00000, 0x0000000767c00000|  0%| F|  |TAMS 0x0000000767a00000, 0x0000000767a00000| Untracked 
| 293|0x0000000767c00000, 0x0000000767c00000, 0x0000000767e00000|  0%| F|  |TAMS 0x0000000767c00000, 0x0000000767c00000| Untracked 
| 294|0x0000000767e00000, 0x0000000767e00000, 0x0000000768000000|  0%| F|  |TAMS 0x0000000767e00000, 0x0000000767e00000| Untracked 
| 295|0x0000000768000000, 0x0000000768000000, 0x0000000768200000|  0%| F|  |TAMS 0x0000000768000000, 0x0000000768000000| Untracked 
| 296|0x0000000768200000, 0x0000000768200000, 0x0000000768400000|  0%| F|  |TAMS 0x0000000768200000, 0x0000000768200000| Untracked 
| 297|0x0000000768400000, 0x0000000768400000, 0x0000000768600000|  0%| F|  |TAMS 0x0000000768400000, 0x0000000768400000| Untracked 
| 298|0x0000000768600000, 0x0000000768600000, 0x0000000768800000|  0%| F|  |TAMS 0x0000000768600000, 0x0000000768600000| Untracked 
| 299|0x0000000768800000, 0x0000000768800000, 0x0000000768a00000|  0%| F|  |TAMS 0x0000000768800000, 0x0000000768800000| Untracked 
| 300|0x0000000768a00000, 0x0000000768a00000, 0x0000000768c00000|  0%| F|  |TAMS 0x0000000768a00000, 0x0000000768a00000| Untracked 
| 301|0x0000000768c00000, 0x0000000768c00000, 0x0000000768e00000|  0%| F|  |TAMS 0x0000000768c00000, 0x0000000768c00000| Untracked 
| 302|0x0000000768e00000, 0x0000000768e00000, 0x0000000769000000|  0%| F|  |TAMS 0x0000000768e00000, 0x0000000768e00000| Untracked 
| 303|0x0000000769000000, 0x0000000769000000, 0x0000000769200000|  0%| F|  |TAMS 0x0000000769000000, 0x0000000769000000| Untracked 
| 304|0x0000000769200000, 0x0000000769200000, 0x0000000769400000|  0%| F|  |TAMS 0x0000000769200000, 0x0000000769200000| Untracked 
| 305|0x0000000769400000, 0x0000000769400000, 0x0000000769600000|  0%| F|  |TAMS 0x0000000769400000, 0x0000000769400000| Untracked 
| 306|0x0000000769600000, 0x0000000769600000, 0x0000000769800000|  0%| F|  |TAMS 0x0000000769600000, 0x0000000769600000| Untracked 
| 307|0x0000000769800000, 0x0000000769800000, 0x0000000769a00000|  0%| F|  |TAMS 0x0000000769800000, 0x0000000769800000| Untracked 
| 308|0x0000000769a00000, 0x0000000769a00000, 0x0000000769c00000|  0%| F|  |TAMS 0x0000000769a00000, 0x0000000769a00000| Untracked 
| 309|0x0000000769c00000, 0x0000000769c00000, 0x0000000769e00000|  0%| F|  |TAMS 0x0000000769c00000, 0x0000000769c00000| Untracked 
| 310|0x0000000769e00000, 0x0000000769e00000, 0x000000076a000000|  0%| F|  |TAMS 0x0000000769e00000, 0x0000000769e00000| Untracked 
| 311|0x000000076a000000, 0x000000076a000000, 0x000000076a200000|  0%| F|  |TAMS 0x000000076a000000, 0x000000076a000000| Untracked 
| 312|0x000000076a200000, 0x000000076a200000, 0x000000076a400000|  0%| F|  |TAMS 0x000000076a200000, 0x000000076a200000| Untracked 
| 313|0x000000076a400000, 0x000000076a400000, 0x000000076a600000|  0%| F|  |TAMS 0x000000076a400000, 0x000000076a400000| Untracked 
| 314|0x000000076a600000, 0x000000076a600000, 0x000000076a800000|  0%| F|  |TAMS 0x000000076a600000, 0x000000076a600000| Untracked 
| 315|0x000000076a800000, 0x000000076aa00000, 0x000000076aa00000|100%| S|CS|TAMS 0x000000076a800000, 0x000000076a800000| Complete 
| 316|0x000000076aa00000, 0x000000076ac00000, 0x000000076ac00000|100%| S|CS|TAMS 0x000000076aa00000, 0x000000076aa00000| Complete 
| 317|0x000000076ac00000, 0x000000076ac00000, 0x000000076ae00000|  0%| F|  |TAMS 0x000000076ac00000, 0x000000076ac00000| Untracked 
| 318|0x000000076ae00000, 0x000000076ae00000, 0x000000076b000000|  0%| F|  |TAMS 0x000000076ae00000, 0x000000076ae00000| Untracked 
| 319|0x000000076b000000, 0x000000076b000000, 0x000000076b200000|  0%| F|  |TAMS 0x000000076b000000, 0x000000076b000000| Untracked 

Card table byte_map: [0x0000029cbf5a0000,0x0000029cbfb90000] _byte_map_base: 0x0000029cbbb87000

Marking Bits (Prev, Next): (CMBitMap*) 0x0000029cb9270650, (CMBitMap*) 0x0000029cb9270690
 Prev Bits: [0x0000029cc0180000, 0x0000029cc30b8000)
 Next Bits: [0x0000029cc30c0000, 0x0000029cc5ff8000)

Polling page: 0x0000029cb6fa0000

Metaspace:

Usage:
  Non-class:     59.96 MB used.
      Class:      9.36 MB used.
       Both:     69.33 MB used.

Virtual space:
  Non-class space:       64.00 MB reserved,      60.19 MB ( 94%) committed,  8 nodes.
      Class space:        1.00 GB reserved,       9.62 MB ( <1%) committed,  1 nodes.
             Both:        1.06 GB reserved,      69.81 MB (  6%) committed. 

Chunk freelists:
   Non-Class:  3.54 MB
       Class:  2.30 MB
        Both:  5.84 MB

MaxMetaspaceSize: unlimited
CompressedClassSpaceSize: 1.00 GB
Initial GC threshold: 21.00 MB
Current GC threshold: 116.25 MB
CDS: off
MetaspaceReclaimPolicy: balanced
 - commit_granule_bytes: 65536.
 - commit_granule_words: 8192.
 - virtual_space_node_default_size: 1048576.
 - enlarge_chunks_in_place: 1.
 - new_chunks_are_fully_committed: 0.
 - uncommit_free_chunks: 1.
 - use_allocation_guard: 0.
 - handle_deallocations: 1.


Internal statistics:

num_allocs_failed_limit: 11.
num_arena_births: 892.
num_arena_deaths: 356.
num_vsnodes_births: 9.
num_vsnodes_deaths: 0.
num_space_committed: 1118.
num_space_uncommitted: 1.
num_chunks_returned_to_freelist: 444.
num_chunks_taken_from_freelist: 3462.
num_chunk_merges: 141.
num_chunk_splits: 2201.
num_chunks_enlarged: 1529.
num_purges: 36.
num_inconsistent_stats: 0.

CodeCache: size=49152Kb used=35053Kb max_used=35825Kb free=14099Kb
 bounds [0x0000029cbbea0000, 0x0000029cbe230000, 0x0000029cbeea0000]
 total_blobs=18679 nmethods=17986 adapters=617
 compilation: enabled
              stopped_count=0, restarted_count=0
 full_count=0

Compilation events (20 events):
Event: 31890.769 Thread 0x0000029cc8a7b3b0 18318       1       java.util.ImmutableCollections$ListN::isEmpty (14 bytes)
Event: 31890.769 Thread 0x0000029cc8a7b3b0 nmethod 18318 0x0000029cbe0a8610 code [0x0000029cbe0a87a0, 0x0000029cbe0a8898]
Event: 31891.269 Thread 0x0000029cc8a7b3b0 18319       1       java.util.concurrent.ConcurrentHashMap$TreeBin::rotateRight (91 bytes)
Event: 31891.270 Thread 0x0000029cc8a7b3b0 nmethod 18319 0x0000029cbe0a7f10 code [0x0000029cbe0a80c0, 0x0000029cbe0a84b8]
Event: 31891.282 Thread 0x0000029cc8a7b3b0 18320       1       java.util.concurrent.ConcurrentHashMap$TreeBin::<init> (258 bytes)
Event: 31891.284 Thread 0x0000029cc8a7b3b0 nmethod 18320 0x0000029cbe0a7310 code [0x0000029cbe0a7500, 0x0000029cbe0a7c38]
Event: 31891.284 Thread 0x0000029cc8a7b3b0 18321       1       org.springframework.ide.vscode.commons.util.text.DocumentRegion::getOffset (5 bytes)
Event: 31891.284 Thread 0x0000029cc8a7b3b0 nmethod 18321 0x0000029cbe0a7010 code [0x0000029cbe0a71a0, 0x0000029cbe0a7278]
Event: 31891.471 Thread 0x0000029cc8a7b3b0 18323       1       java.nio.DirectByteBuffer$Deallocator::<init> (41 bytes)
Event: 31891.471 Thread 0x0000029cc8a7b3b0 nmethod 18323 0x0000029cbe0a6910 code [0x0000029cbe0a6aa0, 0x0000029cbe0a6b78]
Event: 31891.476 Thread 0x0000029cc8a7b3b0 18324       1       com.sun.tools.javac.tree.TreeMaker::Select (28 bytes)
Event: 31891.476 Thread 0x0000029cc8a7b3b0 nmethod 18324 0x0000029cbe0a6390 code [0x0000029cbe0a6540, 0x0000029cbe0a6818]
Event: 31891.818 Thread 0x0000029cc8a7b3b0 18325       1       com.sun.tools.javac.code.Symtab$$Lambda$1017/0x00000008008ecb08::apply (20 bytes)
Event: 31891.819 Thread 0x0000029cc8a7b3b0 nmethod 18325 0x0000029cbe0a5f90 code [0x0000029cbe0a6120, 0x0000029cbe0a6268]
Event: 31891.819 Thread 0x0000029cc8a7b3b0 18326       1       com.sun.tools.javac.code.Symtab::lambda$getClassField$0 (114 bytes)
Event: 31891.821 Thread 0x0000029cc8a7b3b0 nmethod 18326 0x0000029cbe0a5010 code [0x0000029cbe0a5280, 0x0000029cbe0a5a58]
Event: 31892.450 Thread 0x0000029cc8a7b3b0 18327   !   1       java.lang.ThreadGroup::addUnstarted (40 bytes)
Event: 31892.451 Thread 0x0000029cc8a7b3b0 nmethod 18327 0x0000029cbe0a4b10 code [0x0000029cbe0a4cc0, 0x0000029cbe0a4ee8]
Event: 31893.555 Thread 0x0000029cc8a7b3b0 18328       1       jdk.internal.jrtfs.JrtFileSystemProvider::checkPermission (24 bytes)
Event: 31893.556 Thread 0x0000029cc8a7b3b0 nmethod 18328 0x0000029cbe0a4610 code [0x0000029cbe0a47c0, 0x0000029cbe0a49d8]

GC Heap History (20 events):
Event: 31882.612 GC heap after
{Heap after GC invocations=2255 (full 1720):
 garbage-first heap   total 552960K, used 180523K [0x0000000743200000, 0x0000000800000000)
  region size 2048K, 2 young (4096K), 2 survivors (4096K)
 Metaspace       used 70992K, committed 71488K, reserved 1114112K
  class space    used 9588K, committed 9856K, reserved 1048576K
}
Event: 31889.179 GC heap before
{Heap before GC invocations=2256 (full 1720):
 garbage-first heap   total 552960K, used 456359K [0x0000000743200000, 0x0000000800000000)
  region size 2048K, 142 young (290816K), 2 survivors (4096K)
 Metaspace       used 70992K, committed 71488K, reserved 1114112K
  class space    used 9588K, committed 9856K, reserved 1048576K
}
Event: 31889.237 GC heap after
{Heap after GC invocations=2257 (full 1720):
 garbage-first heap   total 552960K, used 211285K [0x0000000743200000, 0x0000000800000000)
  region size 2048K, 18 young (36864K), 18 survivors (36864K)
 Metaspace       used 70992K, committed 71488K, reserved 1114112K
  class space    used 9588K, committed 9856K, reserved 1048576K
}
Event: 31889.244 GC heap before
{Heap before GC invocations=2257 (full 1720):
 garbage-first heap   total 552960K, used 213333K [0x0000000743200000, 0x0000000800000000)
  region size 2048K, 19 young (38912K), 18 survivors (36864K)
 Metaspace       used 70992K, committed 71488K, reserved 1114112K
  class space    used 9588K, committed 9856K, reserved 1048576K
}
Event: 31889.291 GC heap after
{Heap after GC invocations=2258 (full 1720):
 garbage-first heap   total 552960K, used 199387K [0x0000000743200000, 0x0000000800000000)
  region size 2048K, 2 young (4096K), 2 survivors (4096K)
 Metaspace       used 70992K, committed 71488K, reserved 1114112K
  class space    used 9588K, committed 9856K, reserved 1048576K
}
Event: 31889.693 GC heap before
{Heap before GC invocations=2258 (full 1720):
 garbage-first heap   total 552960K, used 254683K [0x0000000743200000, 0x0000000800000000)
  region size 2048K, 30 young (61440K), 2 survivors (4096K)
 Metaspace       used 70992K, committed 71488K, reserved 1114112K
  class space    used 9588K, committed 9856K, reserved 1048576K
}
Event: 31889.705 GC heap after
{Heap after GC invocations=2259 (full 1720):
 garbage-first heap   total 655360K, used 208602K [0x0000000743200000, 0x0000000800000000)
  region size 2048K, 7 young (14336K), 7 survivors (14336K)
 Metaspace       used 70992K, committed 71488K, reserved 1114112K
  class space    used 9588K, committed 9856K, reserved 1048576K
}
Event: 31890.854 GC heap before
{Heap before GC invocations=2259 (full 1720):
 garbage-first heap   total 655360K, used 446170K [0x0000000743200000, 0x0000000800000000)
  region size 2048K, 124 young (253952K), 7 survivors (14336K)
 Metaspace       used 70992K, committed 71488K, reserved 1114112K
  class space    used 9588K, committed 9856K, reserved 1048576K
}
Event: 31890.907 GC heap after
{Heap after GC invocations=2260 (full 1720):
 garbage-first heap   total 655360K, used 250747K [0x0000000743200000, 0x0000000800000000)
  region size 2048K, 18 young (36864K), 18 survivors (36864K)
 Metaspace       used 70992K, committed 71488K, reserved 1114112K
  class space    used 9588K, committed 9856K, reserved 1048576K
}
Event: 31891.963 GC heap before
{Heap before GC invocations=2261 (full 1720):
 garbage-first heap   total 655360K, used 486267K [0x0000000743200000, 0x0000000800000000)
  region size 2048K, 134 young (274432K), 18 survivors (36864K)
 Metaspace       used 70992K, committed 71488K, reserved 1114112K
  class space    used 9588K, committed 9856K, reserved 1048576K
}
Event: 31892.027 GC heap after
{Heap after GC invocations=2262 (full 1720):
 garbage-first heap   total 655360K, used 286075K [0x0000000743200000, 0x0000000800000000)
  region size 2048K, 17 young (34816K), 17 survivors (34816K)
 Metaspace       used 70992K, committed 71488K, reserved 1114112K
  class space    used 9588K, committed 9856K, reserved 1048576K
}
Event: 31892.034 GC heap before
{Heap before GC invocations=2262 (full 1720):
 garbage-first heap   total 655360K, used 288123K [0x0000000743200000, 0x0000000800000000)
  region size 2048K, 18 young (36864K), 17 survivors (34816K)
 Metaspace       used 70992K, committed 71488K, reserved 1114112K
  class space    used 9588K, committed 9856K, reserved 1048576K
}
Event: 31892.066 GC heap after
{Heap after GC invocations=2263 (full 1720):
 garbage-first heap   total 655360K, used 275836K [0x0000000743200000, 0x0000000800000000)
  region size 2048K, 3 young (6144K), 3 survivors (6144K)
 Metaspace       used 70992K, committed 71488K, reserved 1114112K
  class space    used 9588K, committed 9856K, reserved 1048576K
}
Event: 31893.001 GC heap before
{Heap before GC invocations=2263 (full 1720):
 garbage-first heap   total 655360K, used 505212K [0x0000000743200000, 0x0000000800000000)
  region size 2048K, 111 young (227328K), 3 survivors (6144K)
 Metaspace       used 70992K, committed 71488K, reserved 1114112K
  class space    used 9588K, committed 9856K, reserved 1048576K
}
Event: 31893.043 GC heap after
{Heap after GC invocations=2264 (full 1720):
 garbage-first heap   total 655360K, used 312751K [0x0000000743200000, 0x0000000800000000)
  region size 2048K, 14 young (28672K), 14 survivors (28672K)
 Metaspace       used 70992K, committed 71488K, reserved 1114112K
  class space    used 9588K, committed 9856K, reserved 1048576K
}
Event: 31893.701 GC heap before
{Heap before GC invocations=2264 (full 1720):
 garbage-first heap   total 655360K, used 447919K [0x0000000743200000, 0x0000000800000000)
  region size 2048K, 81 young (165888K), 14 survivors (28672K)
 Metaspace       used 70992K, committed 71488K, reserved 1114112K
  class space    used 9588K, committed 9856K, reserved 1048576K
}
Event: 31893.749 GC heap after
{Heap after GC invocations=2265 (full 1720):
 garbage-first heap   total 655360K, used 333275K [0x0000000743200000, 0x0000000800000000)
  region size 2048K, 10 young (20480K), 10 survivors (20480K)
 Metaspace       used 70992K, committed 71488K, reserved 1114112K
  class space    used 9588K, committed 9856K, reserved 1048576K
}
Event: 31894.901 GC heap before
{Heap before GC invocations=2266 (full 1720):
 garbage-first heap   total 655360K, used 515547K [0x0000000743200000, 0x0000000800000000)
  region size 2048K, 99 young (202752K), 10 survivors (20480K)
 Metaspace       used 70992K, committed 71488K, reserved 1114112K
  class space    used 9588K, committed 9856K, reserved 1048576K
}
Event: 31894.938 GC heap after
{Heap after GC invocations=2267 (full 1720):
 garbage-first heap   total 655360K, used 358626K [0x0000000743200000, 0x0000000800000000)
  region size 2048K, 13 young (26624K), 13 survivors (26624K)
 Metaspace       used 70992K, committed 71488K, reserved 1114112K
  class space    used 9588K, committed 9856K, reserved 1048576K
}
Event: 31894.949 GC heap before
{Heap before GC invocations=2267 (full 1720):
 garbage-first heap   total 655360K, used 364770K [0x0000000743200000, 0x0000000800000000)
  region size 2048K, 16 young (32768K), 13 survivors (26624K)
 Metaspace       used 70992K, committed 71488K, reserved 1114112K
  class space    used 9588K, committed 9856K, reserved 1048576K
}

Dll operation events (10 events):
Event: 0.033 Loaded shared library c:\Users\Christopher\.vscode\extensions\redhat.java-1.13.0-win32-x64\jre\17.0.5-win32-x86_64\bin\java.dll
Event: 0.953 Loaded shared library C:\Users\Christopher\.vscode\extensions\redhat.java-1.13.0-win32-x64\jre\17.0.5-win32-x86_64\bin\net.dll
Event: 1.014 Loaded shared library C:\Users\Christopher\.vscode\extensions\redhat.java-1.13.0-win32-x64\jre\17.0.5-win32-x86_64\bin\nio.dll
Event: 1.655 Loaded shared library C:\Users\Christopher\.vscode\extensions\redhat.java-1.13.0-win32-x64\jre\17.0.5-win32-x86_64\bin\zip.dll
Event: 11.527 Loaded shared library c:\Users\Christopher\.vscode\extensions\redhat.java-1.13.0-win32-x64\jre\17.0.5-win32-x86_64\bin\verify.dll
Event: 11.548 Loaded shared library C:\Users\Christopher\.vscode\extensions\redhat.java-1.13.0-win32-x64\jre\17.0.5-win32-x86_64\bin\jimage.dll
Event: 14.892 Loaded shared library C:\Users\Christopher\.vscode\extensions\redhat.java-1.13.0-win32-x64\jre\17.0.5-win32-x86_64\bin\management.dll
Event: 14.935 Loaded shared library C:\Users\Christopher\.vscode\extensions\redhat.java-1.13.0-win32-x64\jre\17.0.5-win32-x86_64\bin\management_ext.dll
Event: 43.577 Loaded shared library C:\Users\Christopher\.vscode\extensions\redhat.java-1.13.0-win32-x64\jre\17.0.5-win32-x86_64\bin\sunmscapi.dll
Event: 50.193 Loaded shared library C:\Users\Christopher\AppData\Local\Temp\snappy-1.1.8-ae0a8261-d6e0-449b-97f3-68a7670ebfc9-snappyjava.dll

Deoptimization events (20 events):
Event: 21045.442 Thread 0x0000029ccada2d80 DEOPT PACKING pc=0x0000029cbdd2591f sp=0x000000fd026fc840
Event: 21045.443 Thread 0x0000029ccada2d80 DEOPT UNPACKING pc=0x0000029cbbef66e3 sp=0x000000fd026fbd48 mode 3
Event: 21045.503 Thread 0x0000029ccada2d80 DEOPT PACKING pc=0x0000029cbdd2cbdb sp=0x000000fd026fe7e0
Event: 21045.503 Thread 0x0000029ccada2d80 DEOPT UNPACKING pc=0x0000029cbbef66e3 sp=0x000000fd026fdcb8 mode 3
Event: 21296.575 Thread 0x0000029cd7e65fe0 DEOPT PACKING pc=0x0000029cbdcadf51 sp=0x000000fd023fe670
Event: 21296.575 Thread 0x0000029cd7e65fe0 DEOPT UNPACKING pc=0x0000029cbbef66e3 sp=0x000000fd023fdb60 mode 3
Event: 21302.149 Thread 0x0000029ccad9e550 DEOPT PACKING pc=0x0000029cbdc7006f sp=0x000000fd01cfe2d0
Event: 21302.149 Thread 0x0000029ccad9e550 DEOPT UNPACKING pc=0x0000029cbbef66e3 sp=0x000000fd01cfd820 mode 3
Event: 21359.209 Thread 0x0000029cd7e65fe0 DEOPT PACKING pc=0x0000029cbd80c1f0 sp=0x000000fd023fe1d0
Event: 21359.210 Thread 0x0000029cd7e65fe0 DEOPT UNPACKING pc=0x0000029cbbef66e3 sp=0x000000fd023fd828 mode 3
Event: 29442.894 Thread 0x0000029cd7e65fe0 DEOPT PACKING pc=0x0000029cbde38ace sp=0x000000fd01dfd150
Event: 29442.895 Thread 0x0000029cd7e65fe0 DEOPT UNPACKING pc=0x0000029cbbef66e3 sp=0x000000fd01dfc628 mode 3
Event: 29461.792 Thread 0x0000029cd7ef39a0 DEOPT PACKING pc=0x0000029cbddbfadd sp=0x000000fd020fe3a0
Event: 29461.792 Thread 0x0000029cd7ef39a0 DEOPT UNPACKING pc=0x0000029cbbef66e3 sp=0x000000fd020fd8a0 mode 3
Event: 29916.436 Thread 0x0000029cd814ce50 DEOPT PACKING pc=0x0000029cbe00c390 sp=0x000000fd01cfe450
Event: 29916.436 Thread 0x0000029cd814ce50 DEOPT UNPACKING pc=0x0000029cbbef66e3 sp=0x000000fd01cfd978 mode 3
Event: 30257.570 Thread 0x0000029ccad9dbb0 DEOPT PACKING pc=0x0000029cbd4ab712 sp=0x000000fd022fe140
Event: 30257.570 Thread 0x0000029ccad9dbb0 DEOPT UNPACKING pc=0x0000029cbbef66e3 sp=0x000000fd022fd680 mode 3
Event: 31343.509 Thread 0x0000029ccde80ee0 DEOPT PACKING pc=0x0000029cbd90904a sp=0x000000fd01cfe6f0
Event: 31343.509 Thread 0x0000029ccde80ee0 DEOPT UNPACKING pc=0x0000029cbbef66e3 sp=0x000000fd01cfdc38 mode 3

Classes unloaded (20 events):
Event: 31020.210 Thread 0x0000029cc8a704d0 Unloading class 0x0000000800994c00 'java/lang/invoke/LambdaForm$MH+0x0000000800994c00'
Event: 31020.210 Thread 0x0000029cc8a704d0 Unloading class 0x0000000800994800 'java/lang/invoke/LambdaForm$MH+0x0000000800994800'
Event: 31020.210 Thread 0x0000029cc8a704d0 Unloading class 0x0000000800994400 'java/lang/invoke/LambdaForm$MH+0x0000000800994400'
Event: 31020.210 Thread 0x0000029cc8a704d0 Unloading class 0x0000000800988c00 'java/lang/invoke/LambdaForm$MH+0x0000000800988c00'
Event: 31020.210 Thread 0x0000029cc8a704d0 Unloading class 0x0000000800988800 'java/lang/invoke/LambdaForm$MH+0x0000000800988800'
Event: 31020.210 Thread 0x0000029cc8a704d0 Unloading class 0x0000000800988400 'java/lang/invoke/LambdaForm$MH+0x0000000800988400'
Event: 31020.210 Thread 0x0000029cc8a704d0 Unloading class 0x0000000800988000 'java/lang/invoke/LambdaForm$MH+0x0000000800988000'
Event: 31020.210 Thread 0x0000029cc8a704d0 Unloading class 0x0000000800963400 'java/lang/invoke/LambdaForm$MH+0x0000000800963400'
Event: 31020.210 Thread 0x0000029cc8a704d0 Unloading class 0x0000000800963000 'java/lang/invoke/LambdaForm$MH+0x0000000800963000'
Event: 31452.429 Thread 0x0000029cc8a704d0 Unloading class 0x0000000800963400 'java/lang/invoke/LambdaForm$MH+0x0000000800963400'
Event: 31452.429 Thread 0x0000029cc8a704d0 Unloading class 0x0000000800963000 'java/lang/invoke/LambdaForm$MH+0x0000000800963000'
Event: 31452.429 Thread 0x0000029cc8a704d0 Unloading class 0x0000000800994c00 'java/lang/invoke/LambdaForm$MH+0x0000000800994c00'
Event: 31452.429 Thread 0x0000029cc8a704d0 Unloading class 0x0000000800995400 'java/lang/invoke/LambdaForm$MH+0x0000000800995400'
Event: 31452.429 Thread 0x0000029cc8a704d0 Unloading class 0x0000000800995000 'java/lang/invoke/LambdaForm$MH+0x0000000800995000'
Event: 31452.429 Thread 0x0000029cc8a704d0 Unloading class 0x0000000800994400 'java/lang/invoke/LambdaForm$MH+0x0000000800994400'
Event: 31452.429 Thread 0x0000029cc8a704d0 Unloading class 0x0000000800995800 'java/lang/invoke/LambdaForm$MH+0x0000000800995800'
Event: 31811.441 Thread 0x0000029cc8a704d0 Unloading class 0x00000008009b0000 'jdk/internal/reflect/GeneratedConstructorAccessor91'
Event: 31811.441 Thread 0x0000029cc8a704d0 Unloading class 0x00000008009a9c00 'jdk/internal/reflect/GeneratedMethodAccessor67'
Event: 31811.441 Thread 0x0000029cc8a704d0 Unloading class 0x00000008009a9800 'jdk/internal/reflect/GeneratedConstructorAccessor90'
Event: 31811.441 Thread 0x0000029cc8a704d0 Unloading class 0x0000000800988400 'jdk/internal/reflect/GeneratedConstructorAccessor89'

Classes redefined (0 events):
No events

Internal exceptions (20 events):
Event: 31894.811 Thread 0x0000029ccd1bb9b0 Exception <a 'sun/nio/fs/WindowsException'{0x000000075fac30c8}> (0x000000075fac30c8) 
thrown [s\src\hotspot\share\prims\jni.cpp, line 516]
Event: 31894.811 Thread 0x0000029ccd1bb9b0 Exception <a 'sun/nio/fs/WindowsException'{0x000000075fac34a8}> (0x000000075fac34a8) 
thrown [s\src\hotspot\share\prims\jni.cpp, line 516]
Event: 31894.811 Thread 0x0000029ccd1bb9b0 Exception <a 'sun/nio/fs/WindowsException'{0x000000075fac49d0}> (0x000000075fac49d0) 
thrown [s\src\hotspot\share\prims\jni.cpp, line 516]
Event: 31894.811 Thread 0x0000029ccd1bb9b0 Exception <a 'sun/nio/fs/WindowsException'{0x000000075fac4dd0}> (0x000000075fac4dd0) 
thrown [s\src\hotspot\share\prims\jni.cpp, line 516]
Event: 31894.819 Thread 0x0000029ccd1bb9b0 Exception <a 'sun/nio/fs/WindowsException'{0x000000075f8f1df8}> (0x000000075f8f1df8) 
thrown [s\src\hotspot\share\prims\jni.cpp, line 516]
Event: 31894.819 Thread 0x0000029ccd1bb9b0 Exception <a 'sun/nio/fs/WindowsException'{0x000000075f8f21d8}> (0x000000075f8f21d8) 
thrown [s\src\hotspot\share\prims\jni.cpp, line 516]
Event: 31894.819 Thread 0x0000029ccd1bb9b0 Exception <a 'sun/nio/fs/WindowsException'{0x000000075f8f3700}> (0x000000075f8f3700) 
thrown [s\src\hotspot\share\prims\jni.cpp, line 516]
Event: 31894.820 Thread 0x0000029ccd1bb9b0 Exception <a 'sun/nio/fs/WindowsException'{0x000000075f8f3af0}> (0x000000075f8f3af0) 
thrown [s\src\hotspot\share\prims\jni.cpp, line 516]
Event: 31894.887 Thread 0x0000029ccd1bb9b0 Exception <a 'sun/nio/fs/WindowsException'{0x000000075f7b73a8}> (0x000000075f7b73a8) 
thrown [s\src\hotspot\share\prims\jni.cpp, line 516]
Event: 31894.887 Thread 0x0000029ccd1bb9b0 Exception <a 'sun/nio/fs/WindowsException'{0x000000075f7b7738}> (0x000000075f7b7738) 
thrown [s\src\hotspot\share\prims\jni.cpp, line 516]
Event: 31894.887 Thread 0x0000029ccd1bb9b0 Exception <a 'sun/nio/fs/WindowsException'{0x000000075f7b8c10}> (0x000000075f7b8c10) 
thrown [s\src\hotspot\share\prims\jni.cpp, line 516]
Event: 31894.887 Thread 0x0000029ccd1bb9b0 Exception <a 'sun/nio/fs/WindowsException'{0x000000075f7b8fc0}> (0x000000075f7b8fc0) 
thrown [s\src\hotspot\share\prims\jni.cpp, line 516]
Event: 31894.944 Thread 0x0000029ccd1bb9b0 Exception <a 'sun/nio/fs/WindowsException'{0x000000076af4f8b0}> (0x000000076af4f8b0) 
thrown [s\src\hotspot\share\prims\jni.cpp, line 516]
Event: 31894.944 Thread 0x0000029ccd1bb9b0 Exception <a 'sun/nio/fs/WindowsException'{0x000000076af4fc90}> (0x000000076af4fc90) 
thrown [s\src\hotspot\share\prims\jni.cpp, line 516]
Event: 31894.944 Thread 0x0000029ccd1bb9b0 Exception <a 'sun/nio/fs/WindowsException'{0x000000076af511b8}> (0x000000076af511b8) 
thrown [s\src\hotspot\share\prims\jni.cpp, line 516]
Event: 31894.944 Thread 0x0000029ccd1bb9b0 Exception <a 'sun/nio/fs/WindowsException'{0x000000076af515b8}> (0x000000076af515b8) 
thrown [s\src\hotspot\share\prims\jni.cpp, line 516]
Event: 31894.946 Thread 0x0000029ccd1bb9b0 Exception <a 'sun/nio/fs/WindowsException'{0x000000076ac2a7d8}> (0x000000076ac2a7d8) 
thrown [s\src\hotspot\share\prims\jni.cpp, line 516]
Event: 31894.946 Thread 0x0000029ccd1bb9b0 Exception <a 'sun/nio/fs/WindowsException'{0x000000076ac2ab88}> (0x000000076ac2ab88) 
thrown [s\src\hotspot\share\prims\jni.cpp, line 516]
Event: 31894.946 Thread 0x0000029ccd1bb9b0 Exception <a 'sun/nio/fs/WindowsException'{0x000000076ac2c080}> (0x000000076ac2c080) 
thrown [s\src\hotspot\share\prims\jni.cpp, line 516]
Event: 31894.946 Thread 0x0000029ccd1bb9b0 Exception <a 'sun/nio/fs/WindowsException'{0x000000076ac2c440}> (0x000000076ac2c440) 
thrown [s\src\hotspot\share\prims\jni.cpp, line 516]

VM Operations (20 events):
Event: 31891.132 Executing VM operation: G1Concurrent done
Event: 31891.245 Executing VM operation: G1Concurrent
Event: 31891.256 Executing VM operation: G1Concurrent done
Event: 31891.931 Executing VM operation: G1CollectForAllocation
Event: 31892.033 Executing VM operation: G1CollectForAllocation done
Event: 31892.034 Executing VM operation: G1CollectForAllocation
Event: 31892.070 Executing VM operation: G1CollectForAllocation done
Event: 31893.001 Executing VM operation: G1CollectForAllocation
Event: 31893.045 Executing VM operation: G1CollectForAllocation done
Event: 31893.694 Executing VM operation: G1TryInitiateConcMark
Event: 31893.749 Executing VM operation: G1TryInitiateConcMark done
Event: 31894.090 Executing VM operation: G1Concurrent
Event: 31894.129 Executing VM operation: G1Concurrent done
Event: 31894.337 Executing VM operation: G1Concurrent
Event: 31894.341 Executing VM operation: G1Concurrent done
Event: 31894.895 Executing VM operation: G1CollectForAllocation
Event: 31894.901 Executing VM operation: G1CollectForAllocation done
Event: 31894.901 Executing VM operation: G1CollectForAllocation
Event: 31894.938 Executing VM operation: G1CollectForAllocation done
Event: 31894.949 Executing VM operation: G1CollectForAllocation

Events (20 events):
Event: 31652.965 Thread 0x0000029cd814bfe0 Thread added: 0x0000029cd814bfe0
Event: 31653.349 Thread 0x0000029ccad9e550 Thread added: 0x0000029ccad9e550
Event: 31660.169 Thread 0x0000029cd814c4b0 Thread added: 0x0000029cd814c4b0
Event: 31661.531 Thread 0x0000029cd7a8b9e0 Thread added: 0x0000029cd7a8b9e0
Event: 31673.070 Thread 0x0000029ccad9d6e0 Thread added: 0x0000029ccad9d6e0
Event: 31771.725 Thread 0x0000029cd814c4b0 Thread exited: 0x0000029cd814c4b0
Event: 31808.464 Thread 0x0000029ccad9e550 Thread exited: 0x0000029ccad9e550
Event: 31810.590 Thread 0x0000029cd814c4b0 Thread added: 0x0000029cd814c4b0
Event: 31817.727 Thread 0x0000029cd814c980 Thread added: 0x0000029cd814c980
Event: 31870.973 Thread 0x0000029ccad9dbb0 Thread added: 0x0000029ccad9dbb0
Event: 31877.787 Thread 0x0000029cd814c980 Thread exited: 0x0000029cd814c980
Event: 31878.722 Thread 0x0000029cd814bfe0 Thread exited: 0x0000029cd814bfe0
Event: 31882.159 Thread 0x0000029ccad9eef0 Thread added: 0x0000029ccad9eef0
Event: 31882.208 Thread 0x0000029ccad9f890 Thread added: 0x0000029ccad9f890
Event: 31882.978 Thread 0x0000029ccad9e550 Thread added: 0x0000029ccad9e550
Event: 31885.160 Thread 0x0000029ccd1bbe80 Thread added: 0x0000029ccd1bbe80
Event: 31887.904 Thread 0x0000029cd83ee700 Thread added: 0x0000029cd83ee700
Event: 31889.917 Thread 0x0000029cd814bfe0 Thread added: 0x0000029cd814bfe0
Event: 31891.715 Thread 0x0000029ccd1b9800 Thread added: 0x0000029ccd1b9800
Event: 31892.451 Thread 0x0000029ccdd5ed30 Thread added: 0x0000029ccdd5ed30


Dynamic libraries:
0x00007ff71f010000 - 0x00007ff71f01e000 	c:\Users\Christopher\.vscode\extensions\redhat.java-1.13.0-win32-x64\jre\17.0.5-win32-x86_64\bin\java.exe
0x00007ffc9c620000 - 0x00007ffc9c829000 	C:\WINDOWS\SYSTEM32\ntdll.dll
0x00007ffc9b6d0000 - 0x00007ffc9b78e000 	C:\WINDOWS\System32\KERNEL32.DLL
0x00007ffc99af0000 - 0x00007ffc99e6b000 	C:\WINDOWS\System32\KERNELBASE.dll
0x00007ffc9a1c0000 - 0x00007ffc9a2d1000 	C:\WINDOWS\System32\ucrtbase.dll
0x00007ffc2a6e0000 - 0x00007ffc2a6f7000 	c:\Users\Christopher\.vscode\extensions\redhat.java-1.13.0-win32-x64\jre\17.0.5-win32-x86_64\bin\jli.dll
0x00007ffc9a640000 - 0x00007ffc9a7ed000 	C:\WINDOWS\System32\USER32.dll
0x00007ffc9a470000 - 0x00007ffc9a496000 	C:\WINDOWS\System32\win32u.dll
0x00007ffc9b410000 - 0x00007ffc9b439000 	C:\WINDOWS\System32\GDI32.dll
0x00007ffc99e70000 - 0x00007ffc99f88000 	C:\WINDOWS\System32\gdi32full.dll
0x00007ffc9a2e0000 - 0x00007ffc9a37d000 	C:\WINDOWS\System32\msvcp_win.dll
0x00007ffc2c3f0000 - 0x00007ffc2c409000 	c:\Users\Christopher\.vscode\extensions\redhat.java-1.13.0-win32-x64\jre\17.0.5-win32-x86_64\bin\VCRUNTIME140.dll
0x00007ffc874a0000 - 0x00007ffc87745000 	C:\WINDOWS\WinSxS\amd64_microsoft.windows.common-controls_6595b64144ccf1df_6.0.22000.120_none_9d947278b86cc467\COMCTL32.dll
0x00007ffc9c460000 - 0x00007ffc9c503000 	C:\WINDOWS\System32\msvcrt.dll
0x00007ffc9b3a0000 - 0x00007ffc9b3d2000 	C:\WINDOWS\System32\IMM32.DLL
0x00007ffc4b840000 - 0x00007ffc4b84c000 	c:\Users\Christopher\.vscode\extensions\redhat.java-1.13.0-win32-x64\jre\17.0.5-win32-x86_64\bin\vcruntime140_1.dll
0x00007ffc101b0000 - 0x00007ffc10241000 	c:\Users\Christopher\.vscode\extensions\redhat.java-1.13.0-win32-x64\jre\17.0.5-win32-x86_64\bin\msvcp140.dll
0x00007ffbfa110000 - 0x00007ffbfad54000 	c:\Users\Christopher\.vscode\extensions\redhat.java-1.13.0-win32-x64\jre\17.0.5-win32-x86_64\bin\server\jvm.dll
0x00007ffc9b530000 - 0x00007ffc9b5de000 	C:\WINDOWS\System32\ADVAPI32.dll
0x00007ffc9b160000 - 0x00007ffc9b1fe000 	C:\WINDOWS\System32\sechost.dll
0x00007ffc9afc0000 - 0x00007ffc9b0e0000 	C:\WINDOWS\System32\RPCRT4.dll
0x00007ffc944c0000 - 0x00007ffc944f3000 	C:\WINDOWS\SYSTEM32\WINMM.dll
0x00007ffc94420000 - 0x00007ffc9442a000 	C:\WINDOWS\SYSTEM32\VERSION.dll
0x00007ffc7c750000 - 0x00007ffc7c759000 	C:\WINDOWS\SYSTEM32\WSOCK32.dll
0x00007ffc9c570000 - 0x00007ffc9c5df000 	C:\WINDOWS\System32\WS2_32.dll
0x00007ffc98c20000 - 0x00007ffc98c38000 	C:\WINDOWS\SYSTEM32\kernel.appcore.dll
0x00007ffc35680000 - 0x00007ffc3568a000 	c:\Users\Christopher\.vscode\extensions\redhat.java-1.13.0-win32-x64\jre\17.0.5-win32-x86_64\bin\jimage.dll
0x00007ffc975c0000 - 0x00007ffc977e1000 	C:\WINDOWS\SYSTEM32\DBGHELP.DLL
0x00007ffc8d820000 - 0x00007ffc8d851000 	C:\WINDOWS\SYSTEM32\dbgcore.DLL
0x00007ffc9a380000 - 0x00007ffc9a3ff000 	C:\WINDOWS\System32\bcryptPrimitives.dll
0x00007ffc2c3c0000 - 0x00007ffc2c3e5000 	c:\Users\Christopher\.vscode\extensions\redhat.java-1.13.0-win32-x64\jre\17.0.5-win32-x86_64\bin\java.dll
0x00007ffc170b0000 - 0x00007ffc170c8000 	c:\Users\Christopher\.vscode\extensions\redhat.java-1.13.0-win32-x64\jre\17.0.5-win32-x86_64\bin\zip.dll
0x00007ffc9a7f0000 - 0x00007ffc9afa7000 	C:\WINDOWS\System32\SHELL32.dll
0x00007ffc97bb0000 - 0x00007ffc98415000 	C:\WINDOWS\SYSTEM32\windows.storage.dll
0x00007ffc9b790000 - 0x00007ffc9bb08000 	C:\WINDOWS\System32\combase.dll
0x00007ffc97a40000 - 0x00007ffc97ba6000 	C:\WINDOWS\SYSTEM32\wintypes.dll
0x00007ffc9b5e0000 - 0x00007ffc9b6ca000 	C:\WINDOWS\System32\SHCORE.dll
0x00007ffc9c370000 - 0x00007ffc9c3cd000 	C:\WINDOWS\System32\shlwapi.dll
0x00007ffc99a20000 - 0x00007ffc99a41000 	C:\WINDOWS\SYSTEM32\profapi.dll
0x00007ffc2c070000 - 0x00007ffc2c089000 	C:\Users\Christopher\.vscode\extensions\redhat.java-1.13.0-win32-x64\jre\17.0.5-win32-x86_64\bin\net.dll
0x00007ffc93d50000 - 0x00007ffc93e64000 	C:\WINDOWS\SYSTEM32\WINHTTP.dll
0x00007ffc990c0000 - 0x00007ffc99127000 	C:\WINDOWS\system32\mswsock.dll
0x00007ffc1b090000 - 0x00007ffc1b0a5000 	C:\Users\Christopher\.vscode\extensions\redhat.java-1.13.0-win32-x64\jre\17.0.5-win32-x86_64\bin\nio.dll
0x00007ffc2a220000 - 0x00007ffc2a230000 	c:\Users\Christopher\.vscode\extensions\redhat.java-1.13.0-win32-x64\jre\17.0.5-win32-x86_64\bin\verify.dll
0x00007ffc95ac0000 - 0x00007ffc95ac9000 	C:\Users\Christopher\.vscode\extensions\redhat.java-1.13.0-win32-x64\jre\17.0.5-win32-x86_64\bin\management.dll
0x00007ffc959e0000 - 0x00007ffc959eb000 	C:\Users\Christopher\.vscode\extensions\redhat.java-1.13.0-win32-x64\jre\17.0.5-win32-x86_64\bin\management_ext.dll
0x00007ffc9b0f0000 - 0x00007ffc9b0f8000 	C:\WINDOWS\System32\PSAPI.DLL
0x00007ffc7e780000 - 0x00007ffc7e797000 	C:\WINDOWS\system32\napinsp.dll
0x00007ffc7e760000 - 0x00007ffc7e77b000 	C:\WINDOWS\system32\pnrpnsp.dll
0x00007ffc98780000 - 0x00007ffc98868000 	C:\WINDOWS\SYSTEM32\DNSAPI.dll
0x00007ffc98750000 - 0x00007ffc9877d000 	C:\WINDOWS\SYSTEM32\IPHLPAPI.DLL
0x00007ffc9b400000 - 0x00007ffc9b409000 	C:\WINDOWS\System32\NSI.dll
0x00007ffc7e740000 - 0x00007ffc7e752000 	C:\WINDOWS\System32\winrnr.dll
0x00007ffc7e430000 - 0x00007ffc7e445000 	C:\WINDOWS\system32\wshbth.dll
0x00007ffc7e2b0000 - 0x00007ffc7e2cf000 	C:\WINDOWS\system32\nlansp_c.dll
0x00007ffc93940000 - 0x00007ffc9394a000 	C:\Windows\System32\rasadhlp.dll
0x00007ffc92cb0000 - 0x00007ffc92d31000 	C:\WINDOWS\System32\fwpuclnt.dll
0x00007ffc99350000 - 0x00007ffc99368000 	C:\WINDOWS\SYSTEM32\CRYPTSP.dll
0x00007ffc98b80000 - 0x00007ffc98bb5000 	C:\WINDOWS\system32\rsaenh.dll
0x00007ffc991d0000 - 0x00007ffc991f9000 	C:\WINDOWS\SYSTEM32\USERENV.dll
0x00007ffc994d0000 - 0x00007ffc994f7000 	C:\WINDOWS\SYSTEM32\bcrypt.dll
0x00007ffc99340000 - 0x00007ffc9934c000 	C:\WINDOWS\SYSTEM32\CRYPTBASE.dll
0x00007ffc93e80000 - 0x00007ffc93e99000 	C:\WINDOWS\SYSTEM32\dhcpcsvc6.DLL
0x00007ffc944a0000 - 0x00007ffc944be000 	C:\WINDOWS\SYSTEM32\dhcpcsvc.DLL
0x00007ffc693e0000 - 0x00007ffc693ee000 	C:\Users\Christopher\.vscode\extensions\redhat.java-1.13.0-win32-x64\jre\17.0.5-win32-x86_64\bin\sunmscapi.dll
0x00007ffc9a050000 - 0x00007ffc9a1b2000 	C:\WINDOWS\System32\CRYPT32.dll
0x00007ffc994a0000 - 0x00007ffc994c8000 	C:\WINDOWS\SYSTEM32\ncrypt.dll
0x00007ffc99460000 - 0x00007ffc99497000 	C:\WINDOWS\SYSTEM32\NTASN1.dll
0x000000006c500000 - 0x000000006c5c7000 	C:\Users\Christopher\AppData\Local\Temp\snappy-1.1.8-ae0a8261-d6e0-449b-97f3-68a7670ebfc9-snappyjava.dll

dbghelp: loaded successfully - version: 4.0.5 - missing functions: none
symbol engine: initialized successfully - sym options: 0x614 - pdb path: .;c:\Users\Christopher\.vscode\extensions\redhat.java-1.13.0-win32-x64\jre\17.0.5-win32-x86_64\bin;C:\WINDOWS\SYSTEM32;C:\WINDOWS\WinSxS\amd64_microsoft.windows.common-controls_6595b64144ccf1df_6.0.22000.120_none_9d947278b86cc467;c:\Users\Christopher\.vscode\extensions\redhat.java-1.13.0-win32-x64\jre\17.0.5-win32-x86_64\bin\server;C:\Users\Christopher\AppData\Local\Temp

VM Arguments:
jvm_args: -Dsts.lsp.client=vscode -Dsts.log.file=/dev/null -XX:TieredStopAtLevel=1 -Xlog:jni+resolve=off -Dspring.config.location=file:c:\Users\Christopher\.vscode\extensions\pivotal.vscode-spring-boot-1.42.0\language-server\BOOT-INF\classes\application.properties 
java_command: org.springframework.ide.vscode.boot.app.BootLanguageServerBootApp
java_class_path (initial): c:\Users\Christopher\.vscode\extensions\pivotal.vscode-spring-boot-1.42.0\language-server\BOOT-INF\classes;c:\Users\Christopher\.vscode\extensions\pivotal.vscode-spring-boot-1.42.0\language-server\BOOT-INF\lib\annotations-23.1.0.jar;c:\Users\Christopher\.vscode\extensions\pivotal.vscode-spring-boot-1.42.0\language-server\BOOT-INF\lib\ant-1.10.12.jar;c:\Users\Christopher\.vscode\extensions\pivotal.vscode-spring-boot-1.42.0\language-server\BOOT-INF\lib\ant-launcher-1.10.12.jar;c:\Users\Christopher\.vscode\extensions\pivotal.vscode-spring-boot-1.42.0\language-server\BOOT-INF\lib\antlr-runtime-3.5.2.jar;c:\Users\Christopher\.vscode\extensions\pivotal.vscode-spring-boot-1.42.0\language-server\BOOT-INF\lib\antlr4-4.9.3.jar;c:\Users\Christopher\.vscode\extensions\pivotal.vscode-spring-boot-1.42.0\language-server\BOOT-INF\lib\antlr4-runtime-4.9.3.jar;c:\Users\Christopher\.vscode\extensions\pivotal.vscode-spring-boot-1.42.0\language-server\BOOT-INF\lib\apiguardian-api-1.1.2.jar;c:\Users\Christopher\.vscode\extensions\pivotal.vscode-spring-boot-1.42.0\language-server\BOOT-INF\lib\asm-9.4.jar;c:\Users\Christopher\.vscode\extensions\pivotal.vscode-spring-boot-1.42.0\language-server\BOOT-INF\lib\asm-analysis-9.4.jar;c:\Users\Christopher\.vscode\extensions\pivotal.vscode-spring-boot-1.42.0\language-server\BOOT-INF\lib\asm-tree-9.4.jar;c:\Users\Christopher\.vscode\extensions\pivotal.vscode-spring-boot-1.42.0\language-server\BOOT-INF\lib\asm-util-9.4.jar;c:\Users\Christopher\.vscode\extensions\pivotal.vscode-spring-boot-1.42.0\language-server\BOOT-INF\lib\caffeine-2.9.3.jar;c:\Users\Christopher\.vscode\extensions\pivotal.vscode-spring-boot-1.42.0\language-server\BOOT-INF\lib\checker-qual-3.12.0.jar;c:\Users\Christopher\.vscode\extensions\pivotal.vscode-spring-boot-1.42.0\language-server\BOOT-INF\lib\ci-environment-9.1.0.jar;c:\Users\Christopher\.vscode\extensions\pivotal.vscode-spring-boot-1.42.0\language-server\BOOT-INF\lib\classgraph-4.8.149.jar;c:\Us
Launcher Type: SUN_STANDARD

[Global flags]
     intx CICompilerCount                          = 4                                         {product} {ergonomic}
     uint ConcGCThreads                            = 2                                         {product} {ergonomic}
     uint G1ConcRefinementThreads                  = 8                                         {product} {ergonomic}
   size_t G1HeapRegionSize                         = 2097152                                   {product} {ergonomic}
    uintx GCDrainStackTargetSize                   = 64                                        {product} {ergonomic}
   size_t InitialHeapSize                          = 199229440                                 {product} {ergonomic}
   size_t MarkStackSize                            = 4194304                                   {product} {ergonomic}
   size_t MaxHeapSize                              = 3168796672                                {product} {ergonomic}
   size_t MaxNewSize                               = 1900019712                                {product} {ergonomic}
   size_t MinHeapDeltaBytes                        = 2097152                                   {product} {ergonomic}
   size_t MinHeapSize                              = 8388608                                   {product} {ergonomic}
    uintx NonProfiledCodeHeapSize                  = 0                                      {pd product} {ergonomic}
     bool ProfileInterpreter                       = false                                  {pd product} {command line}
    uintx ProfiledCodeHeapSize                     = 0                                      {pd product} {ergonomic}
   size_t SoftMaxHeapSize                          = 3168796672                             {manageable} {ergonomic}
     intx TieredStopAtLevel                        = 1                                         {product} {command line}
     bool UseCompressedClassPointers               = true                           {product lp64_product} {ergonomic}
     bool UseCompressedOops                        = true                           {product lp64_product} {ergonomic}
     bool UseG1GC                                  = true                                      {product} {ergonomic}
     bool UseLargePagesIndividualAllocation        = false                                  {pd product} {ergonomic}

Logging:
Log output configuration:
 #0: stdout all=warning,jni+resolve=off uptime,level,tags
 #1: stderr all=off uptime,level,tags

Environment Variables:
JAVA_HOME=C:\Program Files\Java\jdk-18.0.2.1
PATH=C:\Program Files\Java\jdk-18.0.2.1\bin;C:\Program Files\Common Files\Oracle\Java\javapath;C:\Program Files (x86)\Common Files\Oracle\Java\javapath;C:\WINDOWS\system32;C:\WINDOWS;C:\WINDOWS\System32\Wbem;C:\WINDOWS\System32\WindowsPowerShell\v1.0\;C:\WINDOWS\System32\OpenSSH\;C:\Program Files\Microsoft SQL Server\Client SDK\ODBC\170\Tools\Binn\;C:\Program Files (x86)\Microsoft SQL Server\150\Tools\Binn\;C:\Program Files\Microsoft SQL Server\150\Tools\Binn\;C:\Program Files\Microsoft SQL Server\150\DTS\Binn\;C:\ProgramData\chocolatey\bin;C:\Program Files (x86)\Yarn\bin\;C:\Users\Christopher\Documents\php-8.1.3-nts-Win32-vs16-x64;C:\Program Files\Docker\Docker\resources\bin;C:\ProgramData\DockerDesktop\version-bin;%NVM_HOME%;%NVM_SYMLINK%;C:\Program Files\nodejs\;C:\Ruby31-x64\bin;C:\Ruby26\bin;D:\Ruby31\bin;C:\Program Files\Java\jdk-18.0.2.1\bin;C:\Program Files\MySQL\MySQL Shell 8.0\bin\;C:\Users\Christopher\miniconda3;C:\Users\Christopher\miniconda3\Library\mingw-w64\bin;C:\Users\Christopher\miniconda3\Library\usr\bin;C:\Users\Christopher\miniconda3\Library\bin;C:\Users\Christopher\miniconda3\Scripts;C:\Users\Christopher\AppData\Local\Microsoft\WindowsApps;C:\Users\Christopher\AppData\Local\Programs\Microsoft VS Code\bin;C:\Program Files\Azure Data Studio\bin;C:\Users\Christopher\AppData\Local\Yarn\bin;C:\Program Files\MySQL\MySQL Server 8.0\bin;C:\apache-maven-3.8.5\bin;C:\Program Files\JetBrains\IntelliJ IDEA 2022.1.1\bin;C:\Program Files\Java\jdk-18.0.2.1\bin;;C:\Users\Christopher\AppData\Local\GitHubDesktop\bin;C:\Users\Christopher\AppData\Roaming\nvm;C:\Program Files\nodejs;C:\Users\Christopher\AppData\Roaming\npm
USERNAME=Christopher
OS=Windows_NT
PROCESSOR_IDENTIFIER=Intel64 Family 6 Model 126 Stepping 5, GenuineIntel
TMP=C:\Users\CHRIST~1\AppData\Local\Temp
TEMP=C:\Users\CHRIST~1\AppData\Local\Temp



---------------  S Y S T E M  ---------------

OS:
 Windows 11 , 64 bit Build 22000 (10.0.22000.1335)
OS uptime: 1 days 14:43 hours
Hyper-V role detected

CPU: total 8 (initial active 8) (4 cores per cpu, 2 threads per core) family 6 model 126 stepping 5 microcode 0xa0, cx8, cmov, fxsr, ht, mmx, 3dnowpref, sse, sse2, sse3, ssse3, sse4.1, sse4.2, popcnt, lzcnt, tsc, tscinvbit, avx, avx2, aes, erms, clmul, bmi1, bmi2, adx, avx512f, avx512dq, avx512cd, avx512bw, avx512vl, sha, fma, vzeroupper, avx512_vpopcntdq, avx512_vpclmulqdq, avx512_vaes, avx512_vnni, clflush, clflushopt, avx512_vbmi2, avx512_vbmi, hv

Memory: 4k page, system-wide physical 12083M (390M free)
TotalPageFile size 26272M (AvailPageFile size 476M)
current process WorkingSet (physical memory assigned to process): 801M, peak: 1766M
current process commit charge ("private bytes"): 899M, peak: 1911M

vm_info: OpenJDK 64-Bit Server VM (17.0.5+8) for windows-amd64 JRE (17.0.5+8), built on Oct 19 2022 04:48:13 by "temurin" with MS VC++ 16.7 (VS2019)

END.
